2021-04-22 23:56:14.026 <?xml version="1.0" encoding="UTF-8" standalone="yes"?>
<ixn:interactionDto xmlns:com="http://isis.apache.org/schema/common" xmlns:cmd="http://isis.apache.org/schema/cmd" xmlns:ixn="http://isis.apache.org/schema/ixn">
    <ixn:majorVersion>1</ixn:majorVersion>
    <ixn:minorVersion>0</ixn:minorVersion>
    <ixn:transactionId>d7f4f409-fa79-4402-98ff-6f97b311916f</ixn:transactionId>
    <ixn:execution xsi:type="ixn:actionInvocationDto" interactionType="action_invocation" xmlns:xsi="http://www.w3.org/2001/XMLSchema-instance">
        <ixn:sequence>0</ixn:sequence>
        <ixn:target type="homepage.HomePageService" id="1"/>
        <ixn:logicalMemberIdentifier>homepage.HomePageService#homePage()</ixn:logicalMemberIdentifier>
        <ixn:memberIdentifier>domainapp.application.services.homepage.HomePageService#homePage()</ixn:memberIdentifier>
        <ixn:user>sven</ixn:user>
        <ixn:title>homepage.HomePageService:1: homePage()</ixn:title>
        <ixn:metrics>
            <ixn:timings>
                <com:startedAt>2021-04-22T23:56:13.912-03:00</com:startedAt>
                <com:completedAt>2021-04-22T23:56:13.961-03:00</com:completedAt>
            </ixn:timings>
            <ixn:objectCounts>
                <ixn:loaded before="0" after="0"/>
                <ixn:dirtied before="0" after="0"/>
            </ixn:objectCounts>
        </ixn:metrics>
        <ixn:parameters/>
        <ixn:returned type="reference" null="false">
            <com:reference objectState="viewModel" type="domainapp.application.services.homepage.HomePageViewModel" id="PD94bWwgdmVyc2lvbj0iMS4wIiBlbmNvZGluZz0iVVRGLTgiPz4KPG1lbWVudG8vPg=="/>
        </ixn:returned>
    </ixn:execution>
</ixn:interactionDto>

2021-04-22 23:56:49.909 <?xml version="1.0" encoding="UTF-8" standalone="yes"?>
<ixn:interactionDto xmlns:com="http://isis.apache.org/schema/common" xmlns:cmd="http://isis.apache.org/schema/cmd" xmlns:ixn="http://isis.apache.org/schema/ixn">
    <ixn:majorVersion>1</ixn:majorVersion>
    <ixn:minorVersion>0</ixn:minorVersion>
    <ixn:transactionId>b4f36a50-efc7-402a-99f7-1bc996a5b4d7</ixn:transactionId>
    <ixn:execution xsi:type="ixn:actionInvocationDto" interactionType="action_invocation" xmlns:xsi="http://www.w3.org/2001/XMLSchema-instance">
        <ixn:sequence>0</ixn:sequence>
        <ixn:target type="simple.ProfesorMenu" id="1"/>
        <ixn:logicalMemberIdentifier>simple.ProfesorMenu#create()</ixn:logicalMemberIdentifier>
        <ixn:memberIdentifier>domainapp.modules.simple.dom.profesor.ProfesorRepositorio#create()</ixn:memberIdentifier>
        <ixn:user>sven</ixn:user>
        <ixn:title>simple.ProfesorMenu:1: create()</ixn:title>
        <ixn:metrics>
            <ixn:timings>
                <com:startedAt>2021-04-22T23:56:49.857-03:00</com:startedAt>
                <com:completedAt>2021-04-22T23:56:49.860-03:00</com:completedAt>
            </ixn:timings>
            <ixn:objectCounts>
                <ixn:loaded before="0" after="0"/>
                <ixn:dirtied before="0" after="0"/>
            </ixn:objectCounts>
        </ixn:metrics>
        <ixn:parameters>
            <cmd:parameter name="Nombre" type="string" null="false">
                <com:string>Juan</com:string>
            </cmd:parameter>
            <cmd:parameter name="Apellido" type="string" null="false">
                <com:string>Perez</com:string>
            </cmd:parameter>
            <cmd:parameter name="Documento" type="string" null="false">
                <com:string>123456789</com:string>
            </cmd:parameter>
        </ixn:parameters>
        <ixn:returned type="reference" null="false">
            <com:reference objectState="transient" type="simple.Profesor" id="270573c3-e3e6-4e03-9e36-94cbfd89cbec"/>
        </ixn:returned>
    </ixn:execution>
</ixn:interactionDto>

2021-04-22 23:56:50.009 <?xml version="1.0" encoding="UTF-8" standalone="yes"?>
<chg:changesDto xmlns:com="http://isis.apache.org/schema/common" xmlns:chg="http://isis.apache.org/schema/chg">
    <chg:majorVersion>1</chg:majorVersion>
    <chg:minorVersion>0</chg:minorVersion>
    <chg:transactionId>b4f36a50-efc7-402a-99f7-1bc996a5b4d7</chg:transactionId>
    <chg:sequence>3</chg:sequence>
    <chg:completedAt>2021-04-22T23:56:50.005-03:00</chg:completedAt>
    <chg:user>sven</chg:user>
    <chg:objects>
        <chg:loaded>0</chg:loaded>
        <chg:created>
            <com:oid type="simple.Profesor" id="1"/>
        </chg:created>
        <chg:updated/>
        <chg:deleted/>
        <chg:propertiesModified>4</chg:propertiesModified>
    </chg:objects>
</chg:changesDto>

2021-04-22 23:57:24.230 <?xml version="1.0" encoding="UTF-8" standalone="yes"?>
<ixn:interactionDto xmlns:com="http://isis.apache.org/schema/common" xmlns:cmd="http://isis.apache.org/schema/cmd" xmlns:ixn="http://isis.apache.org/schema/ixn">
    <ixn:majorVersion>1</ixn:majorVersion>
    <ixn:minorVersion>0</ixn:minorVersion>
    <ixn:transactionId>dc2bb98b-5340-40ea-813d-11a9aadc31ab</ixn:transactionId>
    <ixn:execution xsi:type="ixn:actionInvocationDto" interactionType="action_invocation" xmlns:xsi="http://www.w3.org/2001/XMLSchema-instance">
        <ixn:sequence>0</ixn:sequence>
        <ixn:target type="simple.ProfesorMenu" id="1"/>
        <ixn:logicalMemberIdentifier>simple.ProfesorMenu#create()</ixn:logicalMemberIdentifier>
        <ixn:memberIdentifier>domainapp.modules.simple.dom.profesor.ProfesorRepositorio#create()</ixn:memberIdentifier>
        <ixn:user>sven</ixn:user>
        <ixn:title>simple.ProfesorMenu:1: create()</ixn:title>
        <ixn:metrics>
            <ixn:timings>
                <com:startedAt>2021-04-22T23:57:24.218-03:00</com:startedAt>
                <com:completedAt>2021-04-22T23:57:24.218-03:00</com:completedAt>
            </ixn:timings>
            <ixn:objectCounts>
                <ixn:loaded before="0" after="0"/>
                <ixn:dirtied before="0" after="0"/>
            </ixn:objectCounts>
        </ixn:metrics>
        <ixn:parameters>
            <cmd:parameter name="Nombre" type="string" null="false">
                <com:string>Miguel</com:string>
            </cmd:parameter>
            <cmd:parameter name="Apellido" type="string" null="false">
                <com:string>Arcamone</com:string>
            </cmd:parameter>
            <cmd:parameter name="Documento" type="string" null="false">
                <com:string>987654321</com:string>
            </cmd:parameter>
        </ixn:parameters>
        <ixn:returned type="reference" null="false">
            <com:reference objectState="transient" type="simple.Profesor" id="a8a2c6a0-6a89-40ba-a413-7350c79cad92"/>
        </ixn:returned>
    </ixn:execution>
</ixn:interactionDto>

2021-04-22 23:57:24.277 <?xml version="1.0" encoding="UTF-8" standalone="yes"?>
<chg:changesDto xmlns:com="http://isis.apache.org/schema/common" xmlns:chg="http://isis.apache.org/schema/chg">
    <chg:majorVersion>1</chg:majorVersion>
    <chg:minorVersion>0</chg:minorVersion>
    <chg:transactionId>dc2bb98b-5340-40ea-813d-11a9aadc31ab</chg:transactionId>
    <chg:sequence>3</chg:sequence>
    <chg:completedAt>2021-04-22T23:57:24.275-03:00</chg:completedAt>
    <chg:user>sven</chg:user>
    <chg:objects>
        <chg:loaded>0</chg:loaded>
        <chg:created>
            <com:oid type="simple.Profesor" id="2"/>
        </chg:created>
        <chg:updated/>
        <chg:deleted/>
        <chg:propertiesModified>4</chg:propertiesModified>
    </chg:objects>
</chg:changesDto>

2021-04-22 23:57:29.469 <?xml version="1.0" encoding="UTF-8" standalone="yes"?>
<ixn:interactionDto xmlns:com="http://isis.apache.org/schema/common" xmlns:cmd="http://isis.apache.org/schema/cmd" xmlns:ixn="http://isis.apache.org/schema/ixn">
    <ixn:majorVersion>1</ixn:majorVersion>
    <ixn:minorVersion>0</ixn:minorVersion>
    <ixn:transactionId>62658491-49ef-4cc6-a515-4152d02d76e5</ixn:transactionId>
    <ixn:execution xsi:type="ixn:actionInvocationDto" interactionType="action_invocation" xmlns:xsi="http://www.w3.org/2001/XMLSchema-instance">
        <ixn:sequence>0</ixn:sequence>
        <ixn:target type="simple.ProfesorMenu" id="1"/>
        <ixn:logicalMemberIdentifier>simple.ProfesorMenu#listAll()</ixn:logicalMemberIdentifier>
        <ixn:memberIdentifier>domainapp.modules.simple.dom.profesor.ProfesorRepositorio#listAll()</ixn:memberIdentifier>
        <ixn:user>sven</ixn:user>
        <ixn:title>simple.ProfesorMenu:1: listAll()</ixn:title>
        <ixn:metrics>
            <ixn:timings>
                <com:startedAt>2021-04-22T23:57:29.456-03:00</com:startedAt>
                <com:completedAt>2021-04-22T23:57:29.461-03:00</com:completedAt>
            </ixn:timings>
            <ixn:objectCounts>
                <ixn:loaded before="0" after="2"/>
                <ixn:dirtied before="0" after="0"/>
            </ixn:objectCounts>
        </ixn:metrics>
        <ixn:parameters/>
        <ixn:returned type="collection" null="false">
            <com:collection type="reference">
                <com:value>
                    <com:reference type="simple.Profesor" id="1"/>
                </com:value>
                <com:value>
                    <com:reference type="simple.Profesor" id="2"/>
                </com:value>
            </com:collection>
        </ixn:returned>
    </ixn:execution>
</ixn:interactionDto>

2021-04-22 23:57:39.238 <?xml version="1.0" encoding="UTF-8" standalone="yes"?>
<ixn:interactionDto xmlns:com="http://isis.apache.org/schema/common" xmlns:cmd="http://isis.apache.org/schema/cmd" xmlns:ixn="http://isis.apache.org/schema/ixn">
    <ixn:majorVersion>1</ixn:majorVersion>
    <ixn:minorVersion>0</ixn:minorVersion>
    <ixn:transactionId>786fe4ed-6337-4d75-9a0f-9aec18fef928</ixn:transactionId>
    <ixn:execution xsi:type="ixn:actionInvocationDto" interactionType="action_invocation" xmlns:xsi="http://www.w3.org/2001/XMLSchema-instance">
        <ixn:sequence>0</ixn:sequence>
        <ixn:target type="simple.ProfesorMenu" id="1"/>
        <ixn:logicalMemberIdentifier>simple.ProfesorMenu#findByName()</ixn:logicalMemberIdentifier>
        <ixn:memberIdentifier>domainapp.modules.simple.dom.profesor.ProfesorRepositorio#findByName()</ixn:memberIdentifier>
        <ixn:user>sven</ixn:user>
        <ixn:title>simple.ProfesorMenu:1: findByName()</ixn:title>
        <ixn:metrics>
            <ixn:timings>
                <com:startedAt>2021-04-22T23:57:39.208-03:00</com:startedAt>
                <com:completedAt>2021-04-22T23:57:39.233-03:00</com:completedAt>
            </ixn:timings>
            <ixn:objectCounts>
                <ixn:loaded before="0" after="0"/>
                <ixn:dirtied before="0" after="0"/>
            </ixn:objectCounts>
        </ixn:metrics>
        <ixn:parameters>
            <cmd:parameter name="Ingreso: " type="string" null="false">
                <com:string>uan</com:string>
            </cmd:parameter>
        </ixn:parameters>
        <ixn:returned type="collection" null="false">
            <com:collection type="reference">
                <com:value>
                    <com:reference type="simple.Profesor" id="1"/>
                </com:value>
            </com:collection>
        </ixn:returned>
    </ixn:execution>
</ixn:interactionDto>

2021-04-22 23:57:53.026 <?xml version="1.0" encoding="UTF-8" standalone="yes"?>
<ixn:interactionDto xmlns:com="http://isis.apache.org/schema/common" xmlns:cmd="http://isis.apache.org/schema/cmd" xmlns:ixn="http://isis.apache.org/schema/ixn">
    <ixn:majorVersion>1</ixn:majorVersion>
    <ixn:minorVersion>0</ixn:minorVersion>
    <ixn:transactionId>1fd3b93d-052d-489f-9e68-d8a849f91a7d</ixn:transactionId>
    <ixn:execution xsi:type="ixn:actionInvocationDto" interactionType="action_invocation" xmlns:xsi="http://www.w3.org/2001/XMLSchema-instance">
        <ixn:sequence>0</ixn:sequence>
        <ixn:target type="simple.ProfesorMenu" id="1"/>
        <ixn:logicalMemberIdentifier>simple.ProfesorMenu#findByName()</ixn:logicalMemberIdentifier>
        <ixn:memberIdentifier>domainapp.modules.simple.dom.profesor.ProfesorRepositorio#findByName()</ixn:memberIdentifier>
        <ixn:user>sven</ixn:user>
        <ixn:title>simple.ProfesorMenu:1: findByName()</ixn:title>
        <ixn:metrics>
            <ixn:timings>
                <com:startedAt>2021-04-22T23:57:53.016-03:00</com:startedAt>
                <com:completedAt>2021-04-22T23:57:53.019-03:00</com:completedAt>
            </ixn:timings>
            <ixn:objectCounts>
                <ixn:loaded before="0" after="0"/>
                <ixn:dirtied before="0" after="0"/>
            </ixn:objectCounts>
        </ixn:metrics>
        <ixn:parameters>
            <cmd:parameter name="Ingreso: " type="string" null="false">
                <com:string>e</com:string>
            </cmd:parameter>
        </ixn:parameters>
        <ixn:returned type="collection" null="false">
            <com:collection type="reference">
                <com:value>
                    <com:reference type="simple.Profesor" id="1"/>
                </com:value>
                <com:value>
                    <com:reference type="simple.Profesor" id="2"/>
                </com:value>
            </com:collection>
        </ixn:returned>
    </ixn:execution>
</ixn:interactionDto>

