2021-04-22 23:54:44.395 START: workQueue.size: 0, waited for: 1ms, SpecificationLoader#init()
2021-04-22 23:54:44.395 START: workQueue.size: 0, waited for: 1ms, persistenceSessionFactory#init(...)
2021-04-22 23:54:44.395 START: workQueue.size: 0, waited for: 1ms, ChangesDtoUtils.init()
2021-04-22 23:54:44.395 START: workQueue.size: 0, waited for: 1ms, InteractionDtoUtils.init()
2021-04-22 23:54:44.396 START: workQueue.size: 0, waited for: 2ms, CommandDtoUtils.init()
2021-04-22 23:54:44.585 START: workQueue.size: 0, waited for: 1ms, org.apache.isis.core.runtime.system.session.IsisSessionFactory: #introspectUpTo( TYPE_INTROSPECTED )
2021-04-22 23:54:44.585 START: workQueue.size: 0, waited for: 1ms, org.apache.isis.core.runtime.system.persistence.PersistenceSessionFactory: #introspectUpTo( TYPE_INTROSPECTED )
2021-04-22 23:54:44.585 START: workQueue.size: 0, waited for: 1ms, org.apache.isis.core.metamodel.specloader.SpecificationLoader: #introspectUpTo( TYPE_INTROSPECTED )
2021-04-22 23:54:44.709 END: completed in: 124ms, org.apache.isis.core.metamodel.specloader.SpecificationLoader: #introspectUpTo( TYPE_INTROSPECTED )
2021-04-22 23:54:44.709 START: workQueue.size: 0, waited for: 125ms, org.apache.isis.core.runtime.authorization.standard.AuthorizationManagerStandard: #introspectUpTo( TYPE_INTROSPECTED )
2021-04-22 23:54:44.711 END: completed in: 126ms, org.apache.isis.core.runtime.system.persistence.PersistenceSessionFactory: #introspectUpTo( TYPE_INTROSPECTED )
2021-04-22 23:54:44.711 START: workQueue.size: 0, waited for: 127ms, org.apache.isis.core.runtime.authentication.standard.AuthenticationManagerStandard: #introspectUpTo( TYPE_INTROSPECTED )
2021-04-22 23:54:44.713 END: completed in: 128ms, org.apache.isis.core.runtime.system.session.IsisSessionFactory: #introspectUpTo( TYPE_INTROSPECTED )
2021-04-22 23:54:44.713 START: workQueue.size: 0, waited for: 129ms, org.apache.isis.core.commons.config.IsisConfigurationDefault: #introspectUpTo( TYPE_INTROSPECTED )
2021-04-22 23:54:44.732 END: completed in: 23ms, org.apache.isis.core.runtime.authorization.standard.AuthorizationManagerStandard: #introspectUpTo( TYPE_INTROSPECTED )
2021-04-22 23:54:44.732 START: workQueue.size: 0, waited for: 148ms, org.apache.isis.core.runtime.services.deplcat.DeploymentCategoryProviderDefault: #introspectUpTo( TYPE_INTROSPECTED )
2021-04-22 23:54:44.741 END: completed in: 28ms, org.apache.isis.core.commons.config.IsisConfigurationDefault: #introspectUpTo( TYPE_INTROSPECTED )
2021-04-22 23:54:44.742 START: workQueue.size: 0, waited for: 157ms, org.apache.isis.objectstore.jdo.datanucleus.service.eventbus.EventBusServiceJdo: #introspectUpTo( TYPE_INTROSPECTED )
2021-04-22 23:54:44.743 END: completed in: 348ms, ChangesDtoUtils.init()
2021-04-22 23:54:44.743 START: workQueue.size: 0, waited for: 159ms, org.apache.isis.applib.services.queryresultscache.QueryResultsCache$Control: #introspectUpTo( TYPE_INTROSPECTED )
2021-04-22 23:54:44.744 END: completed in: 33ms, org.apache.isis.core.runtime.authentication.standard.AuthenticationManagerStandard: #introspectUpTo( TYPE_INTROSPECTED )
2021-04-22 23:54:44.745 START: workQueue.size: 0, waited for: 160ms, domainapp.modules.simple.dom.impl.SimpleObjects: #introspectUpTo( TYPE_INTROSPECTED )
2021-04-22 23:54:44.746 END: completed in: 14ms, org.apache.isis.core.runtime.services.deplcat.DeploymentCategoryProviderDefault: #introspectUpTo( TYPE_INTROSPECTED )
2021-04-22 23:54:44.746 START: workQueue.size: 0, waited for: 162ms, domainapp.modules.simple.dom.profesor.ProfesorRepositorio: #introspectUpTo( TYPE_INTROSPECTED )
2021-04-22 23:54:44.781 END: completed in: 38ms, org.apache.isis.applib.services.queryresultscache.QueryResultsCache$Control: #introspectUpTo( TYPE_INTROSPECTED )
2021-04-22 23:54:44.781 START: workQueue.size: 0, waited for: 197ms, org.apache.isis.applib.services.fixturespec.FixtureScriptsDefault: #introspectUpTo( TYPE_INTROSPECTED )
2021-04-22 23:54:44.784 END: completed in: 43ms, org.apache.isis.objectstore.jdo.datanucleus.service.eventbus.EventBusServiceJdo: #introspectUpTo( TYPE_INTROSPECTED )
2021-04-22 23:54:44.784 START: workQueue.size: 0, waited for: 200ms, org.apache.isis.applib.services.layout.LayoutServiceMenu: #introspectUpTo( TYPE_INTROSPECTED )
2021-04-22 23:54:44.797 END: completed in: 53ms, domainapp.modules.simple.dom.impl.SimpleObjects: #introspectUpTo( TYPE_INTROSPECTED )
2021-04-22 23:54:44.797 END: completed in: 13ms, org.apache.isis.applib.services.layout.LayoutServiceMenu: #introspectUpTo( TYPE_INTROSPECTED )
2021-04-22 23:54:44.797 END: completed in: 51ms, domainapp.modules.simple.dom.profesor.ProfesorRepositorio: #introspectUpTo( TYPE_INTROSPECTED )
2021-04-22 23:54:44.797 START: workQueue.size: 0, waited for: 213ms, org.apache.isis.applib.services.metamodel.MetaModelServicesMenu: #introspectUpTo( TYPE_INTROSPECTED )
2021-04-22 23:54:44.797 START: workQueue.size: 0, waited for: 213ms, org.apache.isis.applib.services.swagger.SwaggerServiceMenu: #introspectUpTo( TYPE_INTROSPECTED )
2021-04-22 23:54:44.797 START: workQueue.size: 0, waited for: 213ms, org.apache.isis.core.runtime.services.i18n.po.TranslationServicePoMenu: #introspectUpTo( TYPE_INTROSPECTED )
2021-04-22 23:54:44.806 END: completed in: 9ms, org.apache.isis.applib.services.metamodel.MetaModelServicesMenu: #introspectUpTo( TYPE_INTROSPECTED )
2021-04-22 23:54:44.807 START: workQueue.size: 0, waited for: 223ms, org.apache.isis.applib.services.hsqldb.HsqlDbManagerMenu: #introspectUpTo( TYPE_INTROSPECTED )
2021-04-22 23:54:44.809 END: completed in: 12ms, org.apache.isis.applib.services.swagger.SwaggerServiceMenu: #introspectUpTo( TYPE_INTROSPECTED )
2021-04-22 23:54:44.809 START: workQueue.size: 0, waited for: 225ms, org.apache.isis.applib.services.config.ConfigurationServiceMenu: #introspectUpTo( TYPE_INTROSPECTED )
2021-04-22 23:54:44.811 END: completed in: 14ms, org.apache.isis.core.runtime.services.i18n.po.TranslationServicePoMenu: #introspectUpTo( TYPE_INTROSPECTED )
2021-04-22 23:54:44.811 START: workQueue.size: 0, waited for: 227ms, org.apache.isis.applib.conmap.ContentMappingServiceForCommandDto$CopyOverFromCommand: #introspectUpTo( TYPE_INTROSPECTED )
2021-04-22 23:54:44.811 END: completed in: 415ms, CommandDtoUtils.init()
2021-04-22 23:54:44.811 START: workQueue.size: 0, waited for: 227ms, domainapp.application.fixture.DomainAppFixtureScriptsSpecificationProvider: #introspectUpTo( TYPE_INTROSPECTED )
2021-04-22 23:54:44.812 END: completed in: 417ms, InteractionDtoUtils.init()
2021-04-22 23:54:44.812 END: completed in: 5ms, org.apache.isis.applib.services.hsqldb.HsqlDbManagerMenu: #introspectUpTo( TYPE_INTROSPECTED )
2021-04-22 23:54:44.812 START: workQueue.size: 0, waited for: 228ms, domainapp.application.services.health.HealthCheckServiceImpl: #introspectUpTo( TYPE_INTROSPECTED )
2021-04-22 23:54:44.812 START: workQueue.size: 0, waited for: 228ms, domainapp.application.services.homepage.HomePageService: #introspectUpTo( TYPE_INTROSPECTED )
2021-04-22 23:54:44.814 END: completed in: 5ms, org.apache.isis.applib.services.config.ConfigurationServiceMenu: #introspectUpTo( TYPE_INTROSPECTED )
2021-04-22 23:54:44.814 START: workQueue.size: 0, waited for: 230ms, org.apache.isis.applib.services.dto.DtoMappingHelper: #introspectUpTo( TYPE_INTROSPECTED )
2021-04-22 23:54:44.815 END: completed in: 4ms, org.apache.isis.applib.conmap.ContentMappingServiceForCommandDto$CopyOverFromCommand: #introspectUpTo( TYPE_INTROSPECTED )
2021-04-22 23:54:44.815 END: completed in: 4ms, domainapp.application.fixture.DomainAppFixtureScriptsSpecificationProvider: #introspectUpTo( TYPE_INTROSPECTED )
2021-04-22 23:54:44.815 START: workQueue.size: 0, waited for: 231ms, org.apache.isis.core.runtime.services.background.CommandExecutorServiceDefault: #introspectUpTo( TYPE_INTROSPECTED )
2021-04-22 23:54:44.815 START: workQueue.size: 0, waited for: 231ms, org.apache.isis.core.runtime.services.menubars.MenuBarsLoaderServiceDefault: #introspectUpTo( TYPE_INTROSPECTED )
2021-04-22 23:54:44.816 END: completed in: 4ms, domainapp.application.services.health.HealthCheckServiceImpl: #introspectUpTo( TYPE_INTROSPECTED )
2021-04-22 23:54:44.817 START: workQueue.size: 0, waited for: 233ms, org.apache.isis.core.runtime.services.menubars.bootstrap3.MenuBarsServiceBS3: #introspectUpTo( TYPE_INTROSPECTED )
2021-04-22 23:54:44.817 END: completed in: 3ms, org.apache.isis.applib.services.dto.DtoMappingHelper: #introspectUpTo( TYPE_INTROSPECTED )
2021-04-22 23:54:44.817 START: workQueue.size: 0, waited for: 233ms, org.apache.isis.core.runtime.services.userprof.UserProfileServiceDefault: #introspectUpTo( TYPE_INTROSPECTED )
2021-04-22 23:54:44.817 END: completed in: 5ms, domainapp.application.services.homepage.HomePageService: #introspectUpTo( TYPE_INTROSPECTED )
2021-04-22 23:54:44.818 START: workQueue.size: 0, waited for: 233ms, org.apache.isis.viewer.restfulobjects.rendering.service.conneg.ContentNegotiationServiceXRoDomainType: #introspectUpTo( TYPE_INTROSPECTED )
2021-04-22 23:54:44.820 END: completed in: 5ms, org.apache.isis.core.runtime.services.background.CommandExecutorServiceDefault: #introspectUpTo( TYPE_INTROSPECTED )
2021-04-22 23:54:44.821 START: workQueue.size: 0, waited for: 237ms, org.apache.isis.viewer.restfulobjects.rendering.service.conneg.ContentNegotiationServiceOrgApacheIsisV1: #introspectUpTo( TYPE_INTROSPECTED )
2021-04-22 23:54:44.821 END: completed in: 40ms, org.apache.isis.applib.services.fixturespec.FixtureScriptsDefault: #introspectUpTo( TYPE_INTROSPECTED )
2021-04-22 23:54:44.821 END: completed in: 4ms, org.apache.isis.core.runtime.services.userprof.UserProfileServiceDefault: #introspectUpTo( TYPE_INTROSPECTED )
2021-04-22 23:54:44.821 START: workQueue.size: 0, waited for: 237ms, org.apache.isis.core.runtime.services.persistsession.PersistenceSessionServiceInternalDefault: #introspectUpTo( TYPE_INTROSPECTED )
2021-04-22 23:54:44.821 START: workQueue.size: 0, waited for: 237ms, org.apache.isis.core.runtime.services.message.MessageServiceDefault: #introspectUpTo( TYPE_INTROSPECTED )
2021-04-22 23:54:44.822 END: completed in: 7ms, org.apache.isis.core.runtime.services.menubars.MenuBarsLoaderServiceDefault: #introspectUpTo( TYPE_INTROSPECTED )
2021-04-22 23:54:44.823 START: workQueue.size: 0, waited for: 239ms, org.apache.isis.applib.annotation.Bulk$InteractionContext: #introspectUpTo( TYPE_INTROSPECTED )
2021-04-22 23:54:44.823 END: completed in: 6ms, org.apache.isis.core.runtime.services.menubars.bootstrap3.MenuBarsServiceBS3: #introspectUpTo( TYPE_INTROSPECTED )
2021-04-22 23:54:44.824 START: workQueue.size: 0, waited for: 240ms, org.apache.isis.applib.conmap.ContentMappingServiceForCommandDto: #introspectUpTo( TYPE_INTROSPECTED )
2021-04-22 23:54:44.826 END: completed in: 9ms, org.apache.isis.viewer.restfulobjects.rendering.service.conneg.ContentNegotiationServiceXRoDomainType: #introspectUpTo( TYPE_INTROSPECTED )
2021-04-22 23:54:44.826 START: workQueue.size: 0, waited for: 242ms, org.apache.isis.applib.conmap.ContentMappingServiceForCommandsDto: #introspectUpTo( TYPE_INTROSPECTED )
2021-04-22 23:54:44.829 END: completed in: 8ms, org.apache.isis.core.runtime.services.message.MessageServiceDefault: #introspectUpTo( TYPE_INTROSPECTED )
2021-04-22 23:54:44.829 START: workQueue.size: 0, waited for: 245ms, org.apache.isis.applib.fixturescripts.ExecutionParametersService: #introspectUpTo( TYPE_INTROSPECTED )
2021-04-22 23:54:44.830 END: completed in: 6ms, org.apache.isis.applib.conmap.ContentMappingServiceForCommandDto: #introspectUpTo( TYPE_INTROSPECTED )
2021-04-22 23:54:44.830 START: workQueue.size: 0, waited for: 246ms, org.apache.isis.applib.services.actinvoc.ActionInvocationContext: #introspectUpTo( TYPE_INTROSPECTED )
2021-04-22 23:54:44.831 END: completed in: 5ms, org.apache.isis.applib.conmap.ContentMappingServiceForCommandsDto: #introspectUpTo( TYPE_INTROSPECTED )
2021-04-22 23:54:44.832 START: workQueue.size: 0, waited for: 248ms, org.apache.isis.applib.services.audit.AuditerServiceLogging: #introspectUpTo( TYPE_INTROSPECTED )
2021-04-22 23:54:44.832 END: completed in: 3ms, org.apache.isis.applib.fixturescripts.ExecutionParametersService: #introspectUpTo( TYPE_INTROSPECTED )
2021-04-22 23:54:44.832 START: workQueue.size: 0, waited for: 248ms, org.apache.isis.applib.services.classdiscovery.ClassDiscoveryServiceUsingReflections: #introspectUpTo( TYPE_INTROSPECTED )
2021-04-22 23:54:44.836 END: completed in: 4ms, org.apache.isis.applib.services.audit.AuditerServiceLogging: #introspectUpTo( TYPE_INTROSPECTED )
2021-04-22 23:54:44.836 END: completed in: 6ms, org.apache.isis.applib.services.actinvoc.ActionInvocationContext: #introspectUpTo( TYPE_INTROSPECTED )
2021-04-22 23:54:44.836 START: workQueue.size: 0, waited for: 252ms, org.apache.isis.applib.services.clock.ClockService: #introspectUpTo( TYPE_INTROSPECTED )
2021-04-22 23:54:44.836 END: completed in: 13ms, org.apache.isis.applib.annotation.Bulk$InteractionContext: #introspectUpTo( TYPE_INTROSPECTED )
2021-04-22 23:54:44.837 START: workQueue.size: 0, waited for: 253ms, org.apache.isis.applib.services.command.CommandContext: #introspectUpTo( TYPE_INTROSPECTED )
2021-04-22 23:54:44.837 START: workQueue.size: 0, waited for: 253ms, org.apache.isis.applib.services.iactn.InteractionContext: #introspectUpTo( TYPE_INTROSPECTED )
2021-04-22 23:54:44.840 END: completed in: 4ms, org.apache.isis.applib.services.clock.ClockService: #introspectUpTo( TYPE_INTROSPECTED )
2021-04-22 23:54:44.841 START: workQueue.size: 0, waited for: 256ms, org.apache.isis.applib.services.publish.PublisherServiceLogging: #introspectUpTo( TYPE_INTROSPECTED )
2021-04-22 23:54:44.841 END: completed in: 4ms, org.apache.isis.applib.services.iactn.InteractionContext: #introspectUpTo( TYPE_INTROSPECTED )
2021-04-22 23:54:44.841 START: workQueue.size: 0, waited for: 257ms, org.apache.isis.applib.services.queryresultscache.QueryResultsCache: #introspectUpTo( TYPE_INTROSPECTED )
2021-04-22 23:54:44.841 END: completed in: 20ms, org.apache.isis.core.runtime.services.persistsession.PersistenceSessionServiceInternalDefault: #introspectUpTo( TYPE_INTROSPECTED )
2021-04-22 23:54:44.841 END: completed in: 4ms, org.apache.isis.applib.services.command.CommandContext: #introspectUpTo( TYPE_INTROSPECTED )
2021-04-22 23:54:44.841 START: workQueue.size: 0, waited for: 257ms, org.apache.isis.applib.services.scratchpad.Scratchpad: #introspectUpTo( TYPE_INTROSPECTED )
2021-04-22 23:54:44.842 END: completed in: 21ms, org.apache.isis.viewer.restfulobjects.rendering.service.conneg.ContentNegotiationServiceOrgApacheIsisV1: #introspectUpTo( TYPE_INTROSPECTED )
2021-04-22 23:54:44.842 START: workQueue.size: 0, waited for: 258ms, org.apache.isis.applib.services.tablecol.TableColumnOrderService$Default: #introspectUpTo( TYPE_INTROSPECTED )
2021-04-22 23:54:44.841 START: workQueue.size: 0, waited for: 257ms, org.apache.isis.applib.services.routing.RoutingServiceDefault: #introspectUpTo( TYPE_INTROSPECTED )
2021-04-22 23:54:44.843 END: completed in: 11ms, org.apache.isis.applib.services.classdiscovery.ClassDiscoveryServiceUsingReflections: #introspectUpTo( TYPE_INTROSPECTED )
2021-04-22 23:54:44.843 START: workQueue.size: 0, waited for: 259ms, org.apache.isis.applib.services.urlencoding.UrlEncodingServiceUsingBaseEncoding: #introspectUpTo( TYPE_INTROSPECTED )
2021-04-22 23:54:44.846 END: completed in: 6ms, org.apache.isis.applib.services.publish.PublisherServiceLogging: #introspectUpTo( TYPE_INTROSPECTED )
2021-04-22 23:54:44.846 END: completed in: 5ms, org.apache.isis.applib.services.scratchpad.Scratchpad: #introspectUpTo( TYPE_INTROSPECTED )
2021-04-22 23:54:44.846 START: workQueue.size: 0, waited for: 262ms, org.apache.isis.core.metamodel.services.appfeat.ApplicationFeatureFactory: #introspectUpTo( TYPE_INTROSPECTED )
2021-04-22 23:54:44.846 START: workQueue.size: 0, waited for: 262ms, org.apache.isis.core.metamodel.services.appfeat.ApplicationFeatureRepositoryDefault: #introspectUpTo( TYPE_INTROSPECTED )
2021-04-22 23:54:44.846 END: completed in: 5ms, org.apache.isis.applib.services.queryresultscache.QueryResultsCache: #introspectUpTo( TYPE_INTROSPECTED )
2021-04-22 23:54:44.847 START: workQueue.size: 0, waited for: 263ms, org.apache.isis.core.metamodel.services.bookmarks.BookmarkServiceInternalDefault: #introspectUpTo( TYPE_INTROSPECTED )
2021-04-22 23:54:44.848 END: completed in: 7ms, org.apache.isis.applib.services.routing.RoutingServiceDefault: #introspectUpTo( TYPE_INTROSPECTED )
2021-04-22 23:54:44.848 END: completed in: 6ms, org.apache.isis.applib.services.tablecol.TableColumnOrderService$Default: #introspectUpTo( TYPE_INTROSPECTED )
2021-04-22 23:54:44.851 START: workQueue.size: 0, waited for: 266ms, org.apache.isis.core.metamodel.services.config.ConfigurationServiceDefault: #introspectUpTo( TYPE_INTROSPECTED )
2021-04-22 23:54:44.851 END: completed in: 5ms, org.apache.isis.core.metamodel.services.appfeat.ApplicationFeatureFactory: #introspectUpTo( TYPE_INTROSPECTED )
2021-04-22 23:54:44.852 START: workQueue.size: 0, waited for: 267ms, org.apache.isis.core.metamodel.services.container.DomainObjectContainerDefault: #introspectUpTo( TYPE_INTROSPECTED )
2021-04-22 23:54:44.852 START: workQueue.size: 0, waited for: 267ms, org.apache.isis.core.metamodel.services.factory.FactoryServiceInternalDefault: #introspectUpTo( TYPE_INTROSPECTED )
2021-04-22 23:54:44.849 END: completed in: 6ms, org.apache.isis.applib.services.urlencoding.UrlEncodingServiceUsingBaseEncoding: #introspectUpTo( TYPE_INTROSPECTED )
2021-04-22 23:54:44.855 START: workQueue.size: 0, waited for: 271ms, org.apache.isis.core.metamodel.services.grid.GridLoaderServiceDefault: #introspectUpTo( TYPE_INTROSPECTED )
2021-04-22 23:54:44.873 END: completed in: 22ms, org.apache.isis.core.metamodel.services.factory.FactoryServiceInternalDefault: #introspectUpTo( TYPE_INTROSPECTED )
2021-04-22 23:54:44.873 END: completed in: 27ms, org.apache.isis.core.metamodel.services.appfeat.ApplicationFeatureRepositoryDefault: #introspectUpTo( TYPE_INTROSPECTED )
2021-04-22 23:54:44.873 END: completed in: 23ms, org.apache.isis.core.metamodel.services.config.ConfigurationServiceDefault: #introspectUpTo( TYPE_INTROSPECTED )
2021-04-22 23:54:44.873 START: workQueue.size: 0, waited for: 289ms, org.apache.isis.core.metamodel.services.grid.GridServiceDefault: #introspectUpTo( TYPE_INTROSPECTED )
2021-04-22 23:54:44.873 START: workQueue.size: 0, waited for: 289ms, org.apache.isis.core.metamodel.services.grid.bootstrap3.GridSystemServiceBS3: #introspectUpTo( TYPE_INTROSPECTED )
2021-04-22 23:54:44.873 START: workQueue.size: 0, waited for: 289ms, org.apache.isis.core.metamodel.services.layout.LayoutServiceDefault: #introspectUpTo( TYPE_INTROSPECTED )
2021-04-22 23:54:44.875 END: completed in: 20ms, org.apache.isis.core.metamodel.services.grid.GridLoaderServiceDefault: #introspectUpTo( TYPE_INTROSPECTED )
2021-04-22 23:54:44.875 END: completed in: 28ms, org.apache.isis.core.metamodel.services.bookmarks.BookmarkServiceInternalDefault: #introspectUpTo( TYPE_INTROSPECTED )
2021-04-22 23:54:44.875 START: workQueue.size: 0, waited for: 291ms, org.apache.isis.core.metamodel.services.message.MessageServiceNoop: #introspectUpTo( TYPE_INTROSPECTED )
2021-04-22 23:54:44.875 START: workQueue.size: 0, waited for: 291ms, org.apache.isis.core.metamodel.services.metamodel.MetaModelServiceDefault: #introspectUpTo( TYPE_INTROSPECTED )
2021-04-22 23:54:44.880 END: completed in: 5ms, org.apache.isis.core.metamodel.services.message.MessageServiceNoop: #introspectUpTo( TYPE_INTROSPECTED )
2021-04-22 23:54:44.880 START: workQueue.size: 0, waited for: 296ms, org.apache.isis.core.metamodel.services.persistsession.PersistenceSessionServiceInternalNoop: #introspectUpTo( TYPE_INTROSPECTED )
2021-04-22 23:54:44.880 END: completed in: 7ms, org.apache.isis.core.metamodel.services.layout.LayoutServiceDefault: #introspectUpTo( TYPE_INTROSPECTED )
2021-04-22 23:54:44.880 START: workQueue.size: 0, waited for: 296ms, org.apache.isis.core.metamodel.services.registry.ServiceRegistryDefault: #introspectUpTo( TYPE_INTROSPECTED )
2021-04-22 23:54:44.881 END: completed in: 8ms, org.apache.isis.core.metamodel.services.grid.GridServiceDefault: #introspectUpTo( TYPE_INTROSPECTED )
2021-04-22 23:54:44.881 START: workQueue.size: 0, waited for: 297ms, org.apache.isis.core.metamodel.services.repository.RepositoryServiceInternalDefault: #introspectUpTo( TYPE_INTROSPECTED )
2021-04-22 23:54:44.887 END: completed in: 6ms, org.apache.isis.core.metamodel.services.registry.ServiceRegistryDefault: #introspectUpTo( TYPE_INTROSPECTED )
2021-04-22 23:54:44.887 START: workQueue.size: 0, waited for: 303ms, org.apache.isis.core.metamodel.services.swagger.SwaggerServiceDefault: #introspectUpTo( TYPE_INTROSPECTED )
2021-04-22 23:54:44.890 END: completed in: 10ms, org.apache.isis.core.metamodel.services.persistsession.PersistenceSessionServiceInternalNoop: #introspectUpTo( TYPE_INTROSPECTED )
2021-04-22 23:54:44.890 START: workQueue.size: 0, waited for: 306ms, org.apache.isis.core.metamodel.services.title.TitleServiceDefault: #introspectUpTo( TYPE_INTROSPECTED )
2021-04-22 23:54:44.890 END: completed in: 15ms, org.apache.isis.core.metamodel.services.metamodel.MetaModelServiceDefault: #introspectUpTo( TYPE_INTROSPECTED )
2021-04-22 23:54:44.890 START: workQueue.size: 0, waited for: 306ms, org.apache.isis.core.metamodel.services.user.UserServiceDefault: #introspectUpTo( TYPE_INTROSPECTED )
2021-04-22 23:54:44.891 END: completed in: 4ms, org.apache.isis.core.metamodel.services.swagger.SwaggerServiceDefault: #introspectUpTo( TYPE_INTROSPECTED )
2021-04-22 23:54:44.891 START: workQueue.size: 0, waited for: 307ms, org.apache.isis.core.metamodel.services.user.UserServiceDefault$SudoServiceSpi: #introspectUpTo( TYPE_INTROSPECTED )
2021-04-22 23:54:44.894 END: completed in: 4ms, org.apache.isis.core.metamodel.services.title.TitleServiceDefault: #introspectUpTo( TYPE_INTROSPECTED )
2021-04-22 23:54:44.894 END: completed in: 13ms, org.apache.isis.core.metamodel.services.repository.RepositoryServiceInternalDefault: #introspectUpTo( TYPE_INTROSPECTED )
2021-04-22 23:54:44.894 START: workQueue.size: 0, waited for: 310ms, org.apache.isis.core.metamodel.services.xactn.TransactionServiceDefault: #introspectUpTo( TYPE_INTROSPECTED )
2021-04-22 23:54:44.894 END: completed in: 4ms, org.apache.isis.core.metamodel.services.user.UserServiceDefault: #introspectUpTo( TYPE_INTROSPECTED )
2021-04-22 23:54:44.894 START: workQueue.size: 0, waited for: 310ms, org.apache.isis.core.runtime.services.auditing.AuditingServiceInternal: #introspectUpTo( TYPE_INTROSPECTED )
2021-04-22 23:54:44.894 START: workQueue.size: 0, waited for: 310ms, org.apache.isis.core.runtime.services.authsess.AuthenticationSessionProviderDefault: #introspectUpTo( TYPE_INTROSPECTED )
2021-04-22 23:54:44.898 END: completed in: 4ms, org.apache.isis.core.runtime.services.authsess.AuthenticationSessionProviderDefault: #introspectUpTo( TYPE_INTROSPECTED )
2021-04-22 23:54:44.898 START: workQueue.size: 0, waited for: 314ms, org.apache.isis.core.runtime.services.background.BackgroundServiceDefault: #introspectUpTo( TYPE_INTROSPECTED )
2021-04-22 23:54:44.899 END: completed in: 5ms, org.apache.isis.core.runtime.services.auditing.AuditingServiceInternal: #introspectUpTo( TYPE_INTROSPECTED )
2021-04-22 23:54:44.899 END: completed in: 5ms, org.apache.isis.core.metamodel.services.xactn.TransactionServiceDefault: #introspectUpTo( TYPE_INTROSPECTED )
2021-04-22 23:54:44.899 START: workQueue.size: 0, waited for: 315ms, org.apache.isis.core.runtime.services.changes.ChangedObjectsServiceInternal: #introspectUpTo( TYPE_INTROSPECTED )
2021-04-22 23:54:44.899 START: workQueue.size: 0, waited for: 315ms, org.apache.isis.core.runtime.services.command.CommandDtoServiceInternalDefault: #introspectUpTo( TYPE_INTROSPECTED )
2021-04-22 23:54:44.899 END: completed in: 8ms, org.apache.isis.core.metamodel.services.user.UserServiceDefault$SudoServiceSpi: #introspectUpTo( TYPE_INTROSPECTED )
2021-04-22 23:54:44.900 START: workQueue.size: 0, waited for: 316ms, org.apache.isis.core.runtime.services.command.CommandServiceDefault: #introspectUpTo( TYPE_INTROSPECTED )
2021-04-22 23:54:44.900 END: completed in: 27ms, org.apache.isis.core.metamodel.services.grid.bootstrap3.GridSystemServiceBS3: #introspectUpTo( TYPE_INTROSPECTED )
2021-04-22 23:54:44.900 START: workQueue.size: 0, waited for: 316ms, org.apache.isis.core.runtime.services.email.EmailServiceDefault: #introspectUpTo( TYPE_INTROSPECTED )
2021-04-22 23:54:44.902 END: completed in: 4ms, org.apache.isis.core.runtime.services.background.BackgroundServiceDefault: #introspectUpTo( TYPE_INTROSPECTED )
2021-04-22 23:54:44.903 START: workQueue.size: 0, waited for: 319ms, org.apache.isis.core.runtime.services.homepage.HomePageProviderServiceDefault: #introspectUpTo( TYPE_INTROSPECTED )
2021-04-22 23:54:44.903 END: completed in: 52ms, org.apache.isis.core.metamodel.services.container.DomainObjectContainerDefault: #introspectUpTo( TYPE_INTROSPECTED )
2021-04-22 23:54:44.903 START: workQueue.size: 0, waited for: 319ms, org.apache.isis.core.runtime.services.i18n.po.TranslationServicePo: #introspectUpTo( TYPE_INTROSPECTED )
2021-04-22 23:54:44.905 END: completed in: 5ms, org.apache.isis.core.runtime.services.command.CommandDtoServiceInternalDefault: #introspectUpTo( TYPE_INTROSPECTED )
2021-04-22 23:54:44.905 START: workQueue.size: 0, waited for: 321ms, org.apache.isis.core.runtime.services.ixn.InteractionDtoServiceInternalDefault: #introspectUpTo( TYPE_INTROSPECTED )
2021-04-22 23:54:44.905 END: completed in: 5ms, org.apache.isis.core.runtime.services.command.CommandServiceDefault: #introspectUpTo( TYPE_INTROSPECTED )
2021-04-22 23:54:44.905 START: workQueue.size: 0, waited for: 321ms, org.apache.isis.core.runtime.services.memento.MementoServiceDefault: #introspectUpTo( TYPE_INTROSPECTED )
2021-04-22 23:54:44.905 END: completed in: 6ms, org.apache.isis.core.runtime.services.changes.ChangedObjectsServiceInternal: #introspectUpTo( TYPE_INTROSPECTED )
2021-04-22 23:54:44.905 START: workQueue.size: 0, waited for: 321ms, org.apache.isis.core.runtime.services.metrics.MetricsServiceDefault: #introspectUpTo( TYPE_INTROSPECTED )
2021-04-22 23:54:44.908 END: completed in: 5ms, org.apache.isis.core.runtime.services.homepage.HomePageProviderServiceDefault: #introspectUpTo( TYPE_INTROSPECTED )
2021-04-22 23:54:44.908 START: workQueue.size: 0, waited for: 324ms, org.apache.isis.core.runtime.services.publish.PublishingServiceInternalDefault: #introspectUpTo( TYPE_INTROSPECTED )
2021-04-22 23:54:44.909 END: completed in: 4ms, org.apache.isis.core.runtime.services.metrics.MetricsServiceDefault: #introspectUpTo( TYPE_INTROSPECTED )
2021-04-22 23:54:44.909 END: completed in: 9ms, org.apache.isis.core.runtime.services.email.EmailServiceDefault: #introspectUpTo( TYPE_INTROSPECTED )
2021-04-22 23:54:44.909 START: workQueue.size: 0, waited for: 325ms, org.apache.isis.core.runtime.services.sessmgmt.SessionManagementServiceDefault: #introspectUpTo( TYPE_INTROSPECTED )
2021-04-22 23:54:44.909 START: workQueue.size: 0, waited for: 325ms, org.apache.isis.core.runtime.services.sudo.SudoServiceDefault: #introspectUpTo( TYPE_INTROSPECTED )
2021-04-22 23:54:44.910 END: completed in: 7ms, org.apache.isis.core.runtime.services.i18n.po.TranslationServicePo: #introspectUpTo( TYPE_INTROSPECTED )
2021-04-22 23:54:44.910 START: workQueue.size: 0, waited for: 326ms, org.apache.isis.core.runtime.services.userreg.EmailNotificationServiceDefault: #introspectUpTo( TYPE_INTROSPECTED )
2021-04-22 23:54:44.909 END: completed in: 4ms, org.apache.isis.core.runtime.services.memento.MementoServiceDefault: #introspectUpTo( TYPE_INTROSPECTED )
2021-04-22 23:54:44.910 START: workQueue.size: 0, waited for: 326ms, org.apache.isis.core.runtime.services.xmlsnapshot.XmlSnapshotServiceDefault: #introspectUpTo( TYPE_INTROSPECTED )
2021-04-22 23:54:44.912 END: completed in: 4ms, org.apache.isis.core.runtime.services.publish.PublishingServiceInternalDefault: #introspectUpTo( TYPE_INTROSPECTED )
2021-04-22 23:54:44.913 START: workQueue.size: 0, waited for: 329ms, org.apache.isis.core.wrapper.WrapperFactoryDefault: #introspectUpTo( TYPE_INTROSPECTED )
2021-04-22 23:54:44.913 END: completed in: 4ms, org.apache.isis.core.runtime.services.sessmgmt.SessionManagementServiceDefault: #introspectUpTo( TYPE_INTROSPECTED )
2021-04-22 23:54:44.913 START: workQueue.size: 0, waited for: 329ms, org.apache.isis.objectstore.jdo.applib.service.exceprecog.ExceptionRecognizerCompositeForJdoObjectStore: #introspectUpTo( TYPE_INTROSPECTED )
2021-04-22 23:54:44.913 END: completed in: 3ms, org.apache.isis.core.runtime.services.userreg.EmailNotificationServiceDefault: #introspectUpTo( TYPE_INTROSPECTED )
2021-04-22 23:54:44.913 START: workQueue.size: 0, waited for: 329ms, org.apache.isis.objectstore.jdo.datanucleus.service.support.IsisJdoSupportImpl: #introspectUpTo( TYPE_INTROSPECTED )
2021-04-22 23:54:44.914 END: completed in: 5ms, org.apache.isis.core.runtime.services.sudo.SudoServiceDefault: #introspectUpTo( TYPE_INTROSPECTED )
2021-04-22 23:54:44.914 START: workQueue.size: 0, waited for: 330ms, org.apache.isis.objectstore.jdo.datanucleus.service.support.TimestampService: #introspectUpTo( TYPE_INTROSPECTED )
2021-04-22 23:54:44.915 END: completed in: 10ms, org.apache.isis.core.runtime.services.ixn.InteractionDtoServiceInternalDefault: #introspectUpTo( TYPE_INTROSPECTED )
2021-04-22 23:54:44.915 START: workQueue.size: 0, waited for: 331ms, org.apache.isis.schema.services.jaxb.JaxbServiceDefault: #introspectUpTo( TYPE_INTROSPECTED )
2021-04-22 23:54:44.917 END: completed in: 3ms, org.apache.isis.objectstore.jdo.datanucleus.service.support.TimestampService: #introspectUpTo( TYPE_INTROSPECTED )
2021-04-22 23:54:44.917 START: workQueue.size: 0, waited for: 333ms, org.apache.isis.viewer.restfulobjects.rendering.service.RepresentationServiceContentNegotiator: #introspectUpTo( TYPE_INTROSPECTED )
2021-04-22 23:54:44.918 END: completed in: 5ms, org.apache.isis.objectstore.jdo.applib.service.exceprecog.ExceptionRecognizerCompositeForJdoObjectStore: #introspectUpTo( TYPE_INTROSPECTED )
2021-04-22 23:54:44.918 START: workQueue.size: 0, waited for: 334ms, org.apache.isis.viewer.restfulobjects.rendering.service.RepresentationServiceForRestfulObjects: #introspectUpTo( TYPE_INTROSPECTED )
2021-04-22 23:54:44.918 END: completed in: 5ms, org.apache.isis.objectstore.jdo.datanucleus.service.support.IsisJdoSupportImpl: #introspectUpTo( TYPE_INTROSPECTED )
2021-04-22 23:54:44.918 END: completed in: 5ms, org.apache.isis.core.wrapper.WrapperFactoryDefault: #introspectUpTo( TYPE_INTROSPECTED )
2021-04-22 23:54:44.918 START: workQueue.size: 0, waited for: 334ms, org.apache.isis.viewer.restfulobjects.rendering.service.acceptheader.AcceptHeaderServiceForRest: #introspectUpTo( TYPE_INTROSPECTED )
2021-04-22 23:54:44.918 START: workQueue.size: 0, waited for: 334ms, org.apache.isis.viewer.restfulobjects.rendering.service.conneg.ContentNegotiationServiceForRestfulObjectsV1_0: #introspectUpTo( TYPE_INTROSPECTED )
2021-04-22 23:54:44.919 END: completed in: 4ms, org.apache.isis.schema.services.jaxb.JaxbServiceDefault: #introspectUpTo( TYPE_INTROSPECTED )
2021-04-22 23:54:44.919 START: workQueue.size: 0, waited for: 335ms, org.apache.isis.viewer.wicket.viewer.services.BookmarkUiServiceWicket: #introspectUpTo( TYPE_INTROSPECTED )
2021-04-22 23:54:44.921 END: completed in: 4ms, org.apache.isis.viewer.restfulobjects.rendering.service.RepresentationServiceContentNegotiator: #introspectUpTo( TYPE_INTROSPECTED )
2021-04-22 23:54:44.921 START: workQueue.size: 0, waited for: 337ms, org.apache.isis.viewer.wicket.viewer.services.DeepLinkServiceWicket: #introspectUpTo( TYPE_INTROSPECTED )
2021-04-22 23:54:44.921 END: completed in: 3ms, org.apache.isis.viewer.restfulobjects.rendering.service.acceptheader.AcceptHeaderServiceForRest: #introspectUpTo( TYPE_INTROSPECTED )
2021-04-22 23:54:44.921 START: workQueue.size: 0, waited for: 337ms, org.apache.isis.viewer.wicket.viewer.services.GuiceBeanProviderWicket: #introspectUpTo( TYPE_INTROSPECTED )
2021-04-22 23:54:44.922 END: completed in: 4ms, org.apache.isis.viewer.restfulobjects.rendering.service.RepresentationServiceForRestfulObjects: #introspectUpTo( TYPE_INTROSPECTED )
2021-04-22 23:54:44.922 START: workQueue.size: 0, waited for: 338ms, org.apache.isis.viewer.wicket.viewer.services.HintStoreUsingWicketSession: #introspectUpTo( TYPE_INTROSPECTED )
2021-04-22 23:54:44.922 END: completed in: 3ms, org.apache.isis.viewer.wicket.viewer.services.BookmarkUiServiceWicket: #introspectUpTo( TYPE_INTROSPECTED )
2021-04-22 23:54:44.922 START: workQueue.size: 0, waited for: 338ms, org.apache.isis.viewer.wicket.viewer.services.LocaleProviderWicket: #introspectUpTo( TYPE_INTROSPECTED )
2021-04-22 23:54:44.923 END: completed in: 5ms, org.apache.isis.viewer.restfulobjects.rendering.service.conneg.ContentNegotiationServiceForRestfulObjectsV1_0: #introspectUpTo( TYPE_INTROSPECTED )
2021-04-22 23:54:44.923 START: workQueue.size: 0, waited for: 339ms, org.apache.isis.viewer.wicket.viewer.services.TranslationsResolverWicket: #introspectUpTo( TYPE_INTROSPECTED )
2021-04-22 23:54:44.924 END: completed in: 3ms, org.apache.isis.viewer.wicket.viewer.services.DeepLinkServiceWicket: #introspectUpTo( TYPE_INTROSPECTED )
2021-04-22 23:54:44.924 START: workQueue.size: 0, waited for: 340ms, org.apache.isis.applib.services.bookmark.BookmarkHolder_lookup: #introspectUpTo( TYPE_INTROSPECTED )
2021-04-22 23:54:44.924 END: completed in: 14ms, org.apache.isis.core.runtime.services.xmlsnapshot.XmlSnapshotServiceDefault: #introspectUpTo( TYPE_INTROSPECTED )
2021-04-22 23:54:44.925 START: workQueue.size: 0, waited for: 341ms, org.apache.isis.applib.services.dto.Dto_downloadXsd: #introspectUpTo( TYPE_INTROSPECTED )
2021-04-22 23:54:44.926 END: completed in: 4ms, org.apache.isis.viewer.wicket.viewer.services.LocaleProviderWicket: #introspectUpTo( TYPE_INTROSPECTED )
2021-04-22 23:54:44.926 START: workQueue.size: 0, waited for: 342ms, org.apache.isis.applib.services.layout.Object_downloadLayoutXml: #introspectUpTo( TYPE_INTROSPECTED )
2021-04-22 23:54:44.928 END: completed in: 4ms, org.apache.isis.viewer.wicket.viewer.services.TranslationsResolverWicket: #introspectUpTo( TYPE_INTROSPECTED )
2021-04-22 23:54:44.928 START: workQueue.size: 0, waited for: 344ms, org.apache.isis.core.metamodel.services.jdosupport.Persistable_downloadJdoMetadata: #introspectUpTo( TYPE_INTROSPECTED )
2021-04-22 23:54:44.929 END: completed in: 8ms, org.apache.isis.viewer.wicket.viewer.services.GuiceBeanProviderWicket: #introspectUpTo( TYPE_INTROSPECTED )
2021-04-22 23:54:44.929 START: workQueue.size: 0, waited for: 345ms, org.apache.isis.core.metamodel.services.jdosupport.Persistable_datanucleusVersionTimestamp: #introspectUpTo( TYPE_INTROSPECTED )
2021-04-22 23:54:44.930 END: completed in: 8ms, org.apache.isis.viewer.wicket.viewer.services.HintStoreUsingWicketSession: #introspectUpTo( TYPE_INTROSPECTED )
2021-04-22 23:54:44.930 START: workQueue.size: 0, waited for: 346ms, org.apache.isis.applib.services.bookmark.BookmarkHolder_object: #introspectUpTo( TYPE_INTROSPECTED )
2021-04-22 23:54:44.930 END: completed in: 6ms, org.apache.isis.applib.services.bookmark.BookmarkHolder_lookup: #introspectUpTo( TYPE_INTROSPECTED )
2021-04-22 23:54:44.930 START: workQueue.size: 0, waited for: 346ms, org.apache.isis.core.metamodel.services.jdosupport.Persistable_datanucleusVersionLong: #introspectUpTo( TYPE_INTROSPECTED )
2021-04-22 23:54:44.931 END: completed in: 5ms, org.apache.isis.applib.services.layout.Object_downloadLayoutXml: #introspectUpTo( TYPE_INTROSPECTED )
2021-04-22 23:54:44.932 START: workQueue.size: 0, waited for: 348ms, org.apache.isis.applib.services.layout.Object_rebuildMetamodel: #introspectUpTo( TYPE_INTROSPECTED )
2021-04-22 23:54:44.933 END: completed in: 5ms, org.apache.isis.core.metamodel.services.jdosupport.Persistable_downloadJdoMetadata: #introspectUpTo( TYPE_INTROSPECTED )
2021-04-22 23:54:44.933 END: completed in: 8ms, org.apache.isis.applib.services.dto.Dto_downloadXsd: #introspectUpTo( TYPE_INTROSPECTED )
2021-04-22 23:54:44.933 START: workQueue.size: 0, waited for: 349ms, org.apache.isis.viewer.wicket.viewer.services.Object_clearHints: #introspectUpTo( TYPE_INTROSPECTED )
2021-04-22 23:54:44.933 START: workQueue.size: 0, waited for: 349ms, org.apache.isis.applib.services.layout.Object_openRestApi: #introspectUpTo( TYPE_INTROSPECTED )
2021-04-22 23:54:44.934 END: completed in: 4ms, org.apache.isis.applib.services.bookmark.BookmarkHolder_object: #introspectUpTo( TYPE_INTROSPECTED )
2021-04-22 23:54:44.934 START: workQueue.size: 0, waited for: 350ms, org.apache.isis.core.metamodel.services.jdosupport.Persistable_datanucleusIdLong: #introspectUpTo( TYPE_INTROSPECTED )
2021-04-22 23:54:44.948 END: completed in: 16ms, org.apache.isis.applib.services.layout.Object_rebuildMetamodel: #introspectUpTo( TYPE_INTROSPECTED )
2021-04-22 23:54:44.948 START: workQueue.size: 0, waited for: 364ms, org.apache.isis.applib.services.dto.Dto_downloadXml: #introspectUpTo( TYPE_INTROSPECTED )
2021-04-22 23:54:44.949 END: completed in: 16ms, org.apache.isis.applib.services.layout.Object_openRestApi: #introspectUpTo( TYPE_INTROSPECTED )
2021-04-22 23:54:44.949 END: completed in: 20ms, org.apache.isis.core.metamodel.services.jdosupport.Persistable_datanucleusVersionTimestamp: #introspectUpTo( TYPE_INTROSPECTED )
2021-04-22 23:54:44.949 START: workQueue.size: 0, waited for: 365ms, java.lang.String: #introspectUpTo( TYPE_INTROSPECTED )
2021-04-22 23:54:44.949 END: completed in: 16ms, org.apache.isis.viewer.wicket.viewer.services.Object_clearHints: #introspectUpTo( TYPE_INTROSPECTED )
2021-04-22 23:54:44.949 START: workQueue.size: 0, waited for: 365ms, byte: #introspectUpTo( TYPE_INTROSPECTED )
2021-04-22 23:54:44.949 START: workQueue.size: 0, waited for: 365ms, java.lang.Byte: #introspectUpTo( TYPE_INTROSPECTED )
2021-04-22 23:54:44.950 END: completed in: 16ms, org.apache.isis.core.metamodel.services.jdosupport.Persistable_datanucleusIdLong: #introspectUpTo( TYPE_INTROSPECTED )
2021-04-22 23:54:44.950 START: workQueue.size: 0, waited for: 366ms, short: #introspectUpTo( TYPE_INTROSPECTED )
2021-04-22 23:54:44.953 END: completed in: 23ms, org.apache.isis.core.metamodel.services.jdosupport.Persistable_datanucleusVersionLong: #introspectUpTo( TYPE_INTROSPECTED )
2021-04-22 23:54:44.953 START: workQueue.size: 0, waited for: 369ms, java.lang.Short: #introspectUpTo( TYPE_INTROSPECTED )
2021-04-22 23:54:44.957 END: completed in: 9ms, org.apache.isis.applib.services.dto.Dto_downloadXml: #introspectUpTo( TYPE_INTROSPECTED )
2021-04-22 23:54:44.957 START: workQueue.size: 0, waited for: 373ms, int: #introspectUpTo( TYPE_INTROSPECTED )
2021-04-22 23:54:44.970 END: completed in: 17ms, java.lang.Short: #introspectUpTo( TYPE_INTROSPECTED )
2021-04-22 23:54:44.970 START: workQueue.size: 0, waited for: 386ms, java.lang.Integer: #introspectUpTo( TYPE_INTROSPECTED )
2021-04-22 23:54:44.970 END: completed in: 13ms, int: #introspectUpTo( TYPE_INTROSPECTED )
2021-04-22 23:54:44.970 END: completed in: 21ms, byte: #introspectUpTo( TYPE_INTROSPECTED )
2021-04-22 23:54:44.970 START: workQueue.size: 0, waited for: 386ms, long: #introspectUpTo( TYPE_INTROSPECTED )
2021-04-22 23:54:44.970 START: workQueue.size: 0, waited for: 386ms, java.lang.Long: #introspectUpTo( TYPE_INTROSPECTED )
2021-04-22 23:54:44.971 END: completed in: 21ms, short: #introspectUpTo( TYPE_INTROSPECTED )
2021-04-22 23:54:44.971 START: workQueue.size: 0, waited for: 387ms, char: #introspectUpTo( TYPE_INTROSPECTED )
2021-04-22 23:54:44.972 END: completed in: 2ms, long: #introspectUpTo( TYPE_INTROSPECTED )
2021-04-22 23:54:44.972 END: completed in: 1ms, char: #introspectUpTo( TYPE_INTROSPECTED )
2021-04-22 23:54:44.972 START: workQueue.size: 0, waited for: 388ms, java.lang.Character: #introspectUpTo( TYPE_INTROSPECTED )
2021-04-22 23:54:44.973 START: workQueue.size: 0, waited for: 388ms, boolean: #introspectUpTo( TYPE_INTROSPECTED )
2021-04-22 23:54:44.973 END: completed in: 24ms, java.lang.String: #introspectUpTo( TYPE_INTROSPECTED )
2021-04-22 23:54:44.973 START: workQueue.size: 0, waited for: 389ms, java.lang.Boolean: #introspectUpTo( TYPE_INTROSPECTED )
2021-04-22 23:54:44.974 END: completed in: 2ms, boolean: #introspectUpTo( TYPE_INTROSPECTED )
2021-04-22 23:54:44.974 START: workQueue.size: 0, waited for: 390ms, float: #introspectUpTo( TYPE_INTROSPECTED )
2021-04-22 23:54:44.970 END: completed in: 21ms, java.lang.Byte: #introspectUpTo( TYPE_INTROSPECTED )
2021-04-22 23:54:44.975 START: workQueue.size: 0, waited for: 391ms, java.lang.Float: #introspectUpTo( TYPE_INTROSPECTED )
2021-04-22 23:54:44.976 END: completed in: 2ms, float: #introspectUpTo( TYPE_INTROSPECTED )
2021-04-22 23:54:44.976 START: workQueue.size: 0, waited for: 392ms, double: #introspectUpTo( TYPE_INTROSPECTED )
2021-04-22 23:54:44.978 END: completed in: 5ms, java.lang.Boolean: #introspectUpTo( TYPE_INTROSPECTED )
2021-04-22 23:54:44.978 START: workQueue.size: 0, waited for: 394ms, java.lang.Double: #introspectUpTo( TYPE_INTROSPECTED )
2021-04-22 23:54:44.978 END: completed in: 2ms, double: #introspectUpTo( TYPE_INTROSPECTED )
2021-04-22 23:54:44.978 START: workQueue.size: 0, waited for: 394ms, java.math.BigInteger: #introspectUpTo( TYPE_INTROSPECTED )
2021-04-22 23:54:44.981 END: completed in: 11ms, java.lang.Long: #introspectUpTo( TYPE_INTROSPECTED )
2021-04-22 23:54:44.981 START: workQueue.size: 0, waited for: 397ms, java.math.BigDecimal: #introspectUpTo( TYPE_INTROSPECTED )
2021-04-22 23:54:44.984 END: completed in: 6ms, java.lang.Double: #introspectUpTo( TYPE_INTROSPECTED )
2021-04-22 23:54:44.985 START: workQueue.size: 0, waited for: 401ms, org.joda.time.DateTime: #introspectUpTo( TYPE_INTROSPECTED )
2021-04-22 23:54:44.984 END: completed in: 9ms, java.lang.Float: #introspectUpTo( TYPE_INTROSPECTED )
2021-04-22 23:54:44.985 START: workQueue.size: 0, waited for: 401ms, org.joda.time.LocalDateTime: #introspectUpTo( TYPE_INTROSPECTED )
2021-04-22 23:54:44.990 END: completed in: 12ms, java.math.BigInteger: #introspectUpTo( TYPE_INTROSPECTED )
2021-04-22 23:54:44.990 START: workQueue.size: 0, waited for: 406ms, org.joda.time.LocalDate: #introspectUpTo( TYPE_INTROSPECTED )
2021-04-22 23:54:44.993 END: completed in: 20ms, java.lang.Character: #introspectUpTo( TYPE_INTROSPECTED )
2021-04-22 23:54:44.993 START: workQueue.size: 0, waited for: 409ms, org.joda.time.LocalTime: #introspectUpTo( TYPE_INTROSPECTED )
2021-04-22 23:54:44.997 END: completed in: 27ms, java.lang.Integer: #introspectUpTo( TYPE_INTROSPECTED )
2021-04-22 23:54:44.997 START: workQueue.size: 0, waited for: 413ms, java.sql.Timestamp: #introspectUpTo( TYPE_INTROSPECTED )
2021-04-22 23:54:45.013 END: completed in: 15ms, java.sql.Timestamp: #introspectUpTo( TYPE_INTROSPECTED )
2021-04-22 23:54:45.013 END: completed in: 20ms, org.joda.time.LocalTime: #introspectUpTo( TYPE_INTROSPECTED )
2021-04-22 23:54:45.013 START: workQueue.size: 0, waited for: 429ms, org.apache.isis.applib.value.Blob: #introspectUpTo( TYPE_INTROSPECTED )
2021-04-22 23:54:45.013 START: workQueue.size: 0, waited for: 429ms, org.apache.isis.applib.value.Clob: #introspectUpTo( TYPE_INTROSPECTED )
2021-04-22 23:54:45.014 END: completed in: 33ms, java.math.BigDecimal: #introspectUpTo( TYPE_INTROSPECTED )
2021-04-22 23:54:45.015 START: workQueue.size: 0, waited for: 431ms, domainapp.modules.simple.dom.impl.SimpleObject: #introspectUpTo( TYPE_INTROSPECTED )
2021-04-22 23:54:45.016 END: completed in: 3ms, org.apache.isis.applib.value.Blob: #introspectUpTo( TYPE_INTROSPECTED )
2021-04-22 23:54:45.016 END: completed in: 3ms, org.apache.isis.applib.value.Clob: #introspectUpTo( TYPE_INTROSPECTED )
2021-04-22 23:54:45.016 START: workQueue.size: 0, waited for: 432ms, org.apache.isis.applib.services.config.ConfigurationProperty: #introspectUpTo( TYPE_INTROSPECTED )
2021-04-22 23:54:45.016 START: workQueue.size: 0, waited for: 432ms, org.apache.isis.applib.domain.DomainObjectList: #introspectUpTo( TYPE_INTROSPECTED )
2021-04-22 23:54:45.051 END: completed in: 61ms, org.joda.time.LocalDate: #introspectUpTo( TYPE_INTROSPECTED )
2021-04-22 23:54:45.051 START: workQueue.size: 0, waited for: 467ms, domainapp.modules.simple.dom.profesor.Profesor: #introspectUpTo( TYPE_INTROSPECTED )
2021-04-22 23:54:45.053 END: completed in: 37ms, org.apache.isis.applib.domain.DomainObjectList: #introspectUpTo( TYPE_INTROSPECTED )
2021-04-22 23:54:45.054 START: workQueue.size: 0, waited for: 470ms, org.apache.isis.applib.fixturescripts.FixtureResult: #introspectUpTo( TYPE_INTROSPECTED )
2021-04-22 23:54:45.055 END: completed in: 39ms, org.apache.isis.applib.services.config.ConfigurationProperty: #introspectUpTo( TYPE_INTROSPECTED )
2021-04-22 23:54:45.055 START: workQueue.size: 0, waited for: 471ms, domainapp.application.services.homepage.HomePageViewModel: #introspectUpTo( TYPE_INTROSPECTED )
2021-04-22 23:54:45.072 END: completed in: 17ms, domainapp.application.services.homepage.HomePageViewModel: #introspectUpTo( TYPE_INTROSPECTED )
2021-04-22 23:54:45.072 START: workQueue.size: 0, waited for: 488ms, org.apache.isis.objectstore.jdo.applib.service.DomainChangeJdoAbstract: #introspectUpTo( TYPE_INTROSPECTED )
2021-04-22 23:54:45.075 END: completed in: 20ms, org.apache.isis.applib.fixturescripts.FixtureResult: #introspectUpTo( TYPE_INTROSPECTED )
2021-04-22 23:54:45.075 START: workQueue.size: 0, waited for: 491ms, org.apache.isis.applib.fixturescripts.SimpleFixtureScript: #introspectUpTo( TYPE_INTROSPECTED )
2021-04-22 23:54:45.078 END: completed in: 27ms, domainapp.modules.simple.dom.profesor.Profesor: #introspectUpTo( TYPE_INTROSPECTED )
2021-04-22 23:54:45.078 END: completed in: 63ms, domainapp.modules.simple.dom.impl.SimpleObject: #introspectUpTo( TYPE_INTROSPECTED )
2021-04-22 23:54:45.078 START: workQueue.size: 0, waited for: 494ms, org.apache.isis.applib.fixturescripts.SimpleFixtureScript: #introspectUpTo( TYPE_INTROSPECTED )
2021-04-22 23:54:45.078 START: workQueue.size: 0, waited for: 494ms, org.apache.isis.applib.fixturescripts.FixtureResult: #introspectUpTo( TYPE_INTROSPECTED )
2021-04-22 23:54:45.078 END: completed in: 0ms, org.apache.isis.applib.fixturescripts.SimpleFixtureScript: #introspectUpTo( TYPE_INTROSPECTED )
2021-04-22 23:54:45.078 END: completed in: 0ms, org.apache.isis.applib.fixturescripts.FixtureResult: #introspectUpTo( TYPE_INTROSPECTED )
2021-04-22 23:54:45.078 START: workQueue.size: 0, waited for: 494ms, domainapp.application.fixture.scenarios.DomainAppDemo: #introspectUpTo( TYPE_INTROSPECTED )
2021-04-22 23:54:45.078 START: workQueue.size: 0, waited for: 494ms, org.apache.isis.applib.fixturescripts.DiscoverableFixtureScript: #introspectUpTo( TYPE_INTROSPECTED )
2021-04-22 23:54:45.081 END: completed in: 95ms, org.joda.time.DateTime: #introspectUpTo( TYPE_INTROSPECTED )
2021-04-22 23:54:45.081 START: workQueue.size: 0, waited for: 497ms, org.apache.isis.applib.fixturescripts.FixtureScript: #introspectUpTo( TYPE_INTROSPECTED )
2021-04-22 23:54:45.083 END: completed in: 98ms, org.joda.time.LocalDateTime: #introspectUpTo( TYPE_INTROSPECTED )
2021-04-22 23:54:45.083 END: completed in: 11ms, org.apache.isis.objectstore.jdo.applib.service.DomainChangeJdoAbstract: #introspectUpTo( TYPE_INTROSPECTED )
2021-04-22 23:54:45.085 END: completed in: 7ms, org.apache.isis.applib.fixturescripts.DiscoverableFixtureScript: #introspectUpTo( TYPE_INTROSPECTED )
2021-04-22 23:54:45.085 END: completed in: 7ms, domainapp.application.fixture.scenarios.DomainAppDemo: #introspectUpTo( TYPE_INTROSPECTED )
2021-04-22 23:54:45.085 END: completed in: 10ms, org.apache.isis.applib.fixturescripts.SimpleFixtureScript: #introspectUpTo( TYPE_INTROSPECTED )
2021-04-22 23:54:45.088 END: completed in: 7ms, org.apache.isis.applib.fixturescripts.FixtureScript: #introspectUpTo( TYPE_INTROSPECTED )
2021-04-22 23:54:45.088 join'ing 150 tasks: waited 0 milliseconds 
2021-04-22 23:54:45.089 START: workQueue.size: 0, waited for: 0ms, org.apache.isis.core.runtime.system.session.IsisSessionFactory: #introspectUpTo( TYPE_AND_MEMBERS_INTROSPECTED )
2021-04-22 23:54:45.089 START: workQueue.size: 0, waited for: 0ms, org.apache.isis.core.metamodel.specloader.SpecificationLoader: #introspectUpTo( TYPE_AND_MEMBERS_INTROSPECTED )
2021-04-22 23:54:45.089 START: workQueue.size: 0, waited for: 0ms, org.apache.isis.core.runtime.authorization.standard.AuthorizationManagerStandard: #introspectUpTo( TYPE_AND_MEMBERS_INTROSPECTED )
2021-04-22 23:54:45.089 START: workQueue.size: 0, waited for: 0ms, org.apache.isis.core.commons.config.IsisConfigurationDefault: #introspectUpTo( TYPE_AND_MEMBERS_INTROSPECTED )
2021-04-22 23:54:45.089 START: workQueue.size: 0, waited for: 0ms, org.apache.isis.core.runtime.authentication.standard.AuthenticationManagerStandard: #introspectUpTo( TYPE_AND_MEMBERS_INTROSPECTED )
2021-04-22 23:54:45.089 START: workQueue.size: 0, waited for: 0ms, org.apache.isis.core.runtime.system.persistence.PersistenceSessionFactory: #introspectUpTo( TYPE_AND_MEMBERS_INTROSPECTED )
2021-04-22 23:54:45.112 END: completed in: 23ms, org.apache.isis.core.commons.config.IsisConfigurationDefault: #introspectUpTo( TYPE_AND_MEMBERS_INTROSPECTED )
2021-04-22 23:54:45.112 END: completed in: 23ms, org.apache.isis.core.runtime.authentication.standard.AuthenticationManagerStandard: #introspectUpTo( TYPE_AND_MEMBERS_INTROSPECTED )
2021-04-22 23:54:45.112 END: completed in: 23ms, org.apache.isis.core.runtime.system.persistence.PersistenceSessionFactory: #introspectUpTo( TYPE_AND_MEMBERS_INTROSPECTED )
2021-04-22 23:54:45.112 START: workQueue.size: 0, waited for: 23ms, org.apache.isis.objectstore.jdo.datanucleus.service.eventbus.EventBusServiceJdo: #introspectUpTo( TYPE_AND_MEMBERS_INTROSPECTED )
2021-04-22 23:54:45.112 START: workQueue.size: 0, waited for: 23ms, org.apache.isis.applib.services.queryresultscache.QueryResultsCache$Control: #introspectUpTo( TYPE_AND_MEMBERS_INTROSPECTED )
2021-04-22 23:54:45.112 START: workQueue.size: 0, waited for: 23ms, org.apache.isis.core.runtime.services.deplcat.DeploymentCategoryProviderDefault: #introspectUpTo( TYPE_AND_MEMBERS_INTROSPECTED )
2021-04-22 23:54:45.112 END: completed in: 23ms, org.apache.isis.core.runtime.system.session.IsisSessionFactory: #introspectUpTo( TYPE_AND_MEMBERS_INTROSPECTED )
2021-04-22 23:54:45.112 END: completed in: 23ms, org.apache.isis.core.metamodel.specloader.SpecificationLoader: #introspectUpTo( TYPE_AND_MEMBERS_INTROSPECTED )
2021-04-22 23:54:45.112 END: completed in: 23ms, org.apache.isis.core.runtime.authorization.standard.AuthorizationManagerStandard: #introspectUpTo( TYPE_AND_MEMBERS_INTROSPECTED )
2021-04-22 23:54:45.112 START: workQueue.size: 0, waited for: 23ms, domainapp.modules.simple.dom.profesor.ProfesorRepositorio: #introspectUpTo( TYPE_AND_MEMBERS_INTROSPECTED )
2021-04-22 23:54:45.112 START: workQueue.size: 0, waited for: 23ms, domainapp.modules.simple.dom.impl.SimpleObjects: #introspectUpTo( TYPE_AND_MEMBERS_INTROSPECTED )
2021-04-22 23:54:45.113 START: workQueue.size: 0, waited for: 23ms, org.apache.isis.applib.services.fixturespec.FixtureScriptsDefault: #introspectUpTo( TYPE_AND_MEMBERS_INTROSPECTED )
2021-04-22 23:54:45.113 END: completed in: 0ms, org.apache.isis.applib.services.queryresultscache.QueryResultsCache$Control: #introspectUpTo( TYPE_AND_MEMBERS_INTROSPECTED )
2021-04-22 23:54:45.113 END: completed in: 0ms, org.apache.isis.objectstore.jdo.datanucleus.service.eventbus.EventBusServiceJdo: #introspectUpTo( TYPE_AND_MEMBERS_INTROSPECTED )
2021-04-22 23:54:45.113 START: workQueue.size: 0, waited for: 24ms, org.apache.isis.applib.services.layout.LayoutServiceMenu: #introspectUpTo( TYPE_AND_MEMBERS_INTROSPECTED )
2021-04-22 23:54:45.113 START: workQueue.size: 0, waited for: 24ms, org.apache.isis.applib.services.metamodel.MetaModelServicesMenu: #introspectUpTo( TYPE_AND_MEMBERS_INTROSPECTED )
2021-04-22 23:54:45.113 END: completed in: 1ms, org.apache.isis.core.runtime.services.deplcat.DeploymentCategoryProviderDefault: #introspectUpTo( TYPE_AND_MEMBERS_INTROSPECTED )
2021-04-22 23:54:45.113 START: workQueue.size: 0, waited for: 24ms, org.apache.isis.applib.services.swagger.SwaggerServiceMenu: #introspectUpTo( TYPE_AND_MEMBERS_INTROSPECTED )
2021-04-22 23:54:45.224 END: completed in: 112ms, domainapp.modules.simple.dom.impl.SimpleObjects: #introspectUpTo( TYPE_AND_MEMBERS_INTROSPECTED )
2021-04-22 23:54:45.224 END: completed in: 111ms, org.apache.isis.applib.services.metamodel.MetaModelServicesMenu: #introspectUpTo( TYPE_AND_MEMBERS_INTROSPECTED )
2021-04-22 23:54:45.224 END: completed in: 111ms, org.apache.isis.applib.services.layout.LayoutServiceMenu: #introspectUpTo( TYPE_AND_MEMBERS_INTROSPECTED )
2021-04-22 23:54:45.224 END: completed in: 112ms, domainapp.modules.simple.dom.profesor.ProfesorRepositorio: #introspectUpTo( TYPE_AND_MEMBERS_INTROSPECTED )
2021-04-22 23:54:45.224 START: workQueue.size: 0, waited for: 135ms, org.apache.isis.applib.services.config.ConfigurationServiceMenu: #introspectUpTo( TYPE_AND_MEMBERS_INTROSPECTED )
2021-04-22 23:54:45.224 START: workQueue.size: 0, waited for: 135ms, org.apache.isis.core.runtime.services.i18n.po.TranslationServicePoMenu: #introspectUpTo( TYPE_AND_MEMBERS_INTROSPECTED )
2021-04-22 23:54:45.224 END: completed in: 111ms, org.apache.isis.applib.services.swagger.SwaggerServiceMenu: #introspectUpTo( TYPE_AND_MEMBERS_INTROSPECTED )
2021-04-22 23:54:45.224 END: completed in: 112ms, org.apache.isis.applib.services.fixturespec.FixtureScriptsDefault: #introspectUpTo( TYPE_AND_MEMBERS_INTROSPECTED )
2021-04-22 23:54:45.224 START: workQueue.size: 0, waited for: 135ms, org.apache.isis.applib.services.hsqldb.HsqlDbManagerMenu: #introspectUpTo( TYPE_AND_MEMBERS_INTROSPECTED )
2021-04-22 23:54:45.224 START: workQueue.size: 0, waited for: 135ms, domainapp.application.fixture.DomainAppFixtureScriptsSpecificationProvider: #introspectUpTo( TYPE_AND_MEMBERS_INTROSPECTED )
2021-04-22 23:54:45.224 START: workQueue.size: 0, waited for: 135ms, org.apache.isis.applib.conmap.ContentMappingServiceForCommandDto$CopyOverFromCommand: #introspectUpTo( TYPE_AND_MEMBERS_INTROSPECTED )
2021-04-22 23:54:45.224 START: workQueue.size: 0, waited for: 135ms, domainapp.application.services.health.HealthCheckServiceImpl: #introspectUpTo( TYPE_AND_MEMBERS_INTROSPECTED )
2021-04-22 23:54:45.225 END: completed in: 1ms, domainapp.application.fixture.DomainAppFixtureScriptsSpecificationProvider: #introspectUpTo( TYPE_AND_MEMBERS_INTROSPECTED )
2021-04-22 23:54:45.225 END: completed in: 1ms, org.apache.isis.applib.conmap.ContentMappingServiceForCommandDto$CopyOverFromCommand: #introspectUpTo( TYPE_AND_MEMBERS_INTROSPECTED )
2021-04-22 23:54:45.225 START: workQueue.size: 0, waited for: 136ms, domainapp.application.services.homepage.HomePageService: #introspectUpTo( TYPE_AND_MEMBERS_INTROSPECTED )
2021-04-22 23:54:45.225 END: completed in: 1ms, domainapp.application.services.health.HealthCheckServiceImpl: #introspectUpTo( TYPE_AND_MEMBERS_INTROSPECTED )
2021-04-22 23:54:45.225 START: workQueue.size: 0, waited for: 136ms, org.apache.isis.applib.services.dto.DtoMappingHelper: #introspectUpTo( TYPE_AND_MEMBERS_INTROSPECTED )
2021-04-22 23:54:45.225 START: workQueue.size: 0, waited for: 136ms, org.apache.isis.core.runtime.services.background.CommandExecutorServiceDefault: #introspectUpTo( TYPE_AND_MEMBERS_INTROSPECTED )
2021-04-22 23:54:45.225 END: completed in: 0ms, org.apache.isis.applib.services.dto.DtoMappingHelper: #introspectUpTo( TYPE_AND_MEMBERS_INTROSPECTED )
2021-04-22 23:54:45.225 END: completed in: 0ms, org.apache.isis.core.runtime.services.background.CommandExecutorServiceDefault: #introspectUpTo( TYPE_AND_MEMBERS_INTROSPECTED )
2021-04-22 23:54:45.225 START: workQueue.size: 0, waited for: 136ms, org.apache.isis.core.runtime.services.menubars.MenuBarsLoaderServiceDefault: #introspectUpTo( TYPE_AND_MEMBERS_INTROSPECTED )
2021-04-22 23:54:45.225 START: workQueue.size: 0, waited for: 136ms, org.apache.isis.core.runtime.services.menubars.bootstrap3.MenuBarsServiceBS3: #introspectUpTo( TYPE_AND_MEMBERS_INTROSPECTED )
2021-04-22 23:54:45.228 END: completed in: 2ms, org.apache.isis.core.runtime.services.menubars.MenuBarsLoaderServiceDefault: #introspectUpTo( TYPE_AND_MEMBERS_INTROSPECTED )
2021-04-22 23:54:45.228 START: workQueue.size: 0, waited for: 139ms, org.apache.isis.core.runtime.services.userprof.UserProfileServiceDefault: #introspectUpTo( TYPE_AND_MEMBERS_INTROSPECTED )
2021-04-22 23:54:45.228 END: completed in: 3ms, org.apache.isis.core.runtime.services.menubars.bootstrap3.MenuBarsServiceBS3: #introspectUpTo( TYPE_AND_MEMBERS_INTROSPECTED )
2021-04-22 23:54:45.228 START: workQueue.size: 0, waited for: 139ms, org.apache.isis.viewer.restfulobjects.rendering.service.conneg.ContentNegotiationServiceXRoDomainType: #introspectUpTo( TYPE_AND_MEMBERS_INTROSPECTED )
2021-04-22 23:54:45.228 END: completed in: 0ms, org.apache.isis.core.runtime.services.userprof.UserProfileServiceDefault: #introspectUpTo( TYPE_AND_MEMBERS_INTROSPECTED )
2021-04-22 23:54:45.228 START: workQueue.size: 0, waited for: 139ms, org.apache.isis.viewer.restfulobjects.rendering.service.conneg.ContentNegotiationServiceOrgApacheIsisV1: #introspectUpTo( TYPE_AND_MEMBERS_INTROSPECTED )
2021-04-22 23:54:45.228 END: completed in: 0ms, org.apache.isis.viewer.restfulobjects.rendering.service.conneg.ContentNegotiationServiceXRoDomainType: #introspectUpTo( TYPE_AND_MEMBERS_INTROSPECTED )
2021-04-22 23:54:45.228 START: workQueue.size: 0, waited for: 139ms, org.apache.isis.core.runtime.services.message.MessageServiceDefault: #introspectUpTo( TYPE_AND_MEMBERS_INTROSPECTED )
2021-04-22 23:54:45.228 END: completed in: 0ms, org.apache.isis.viewer.restfulobjects.rendering.service.conneg.ContentNegotiationServiceOrgApacheIsisV1: #introspectUpTo( TYPE_AND_MEMBERS_INTROSPECTED )
2021-04-22 23:54:45.229 START: workQueue.size: 0, waited for: 140ms, org.apache.isis.core.runtime.services.persistsession.PersistenceSessionServiceInternalDefault: #introspectUpTo( TYPE_AND_MEMBERS_INTROSPECTED )
2021-04-22 23:54:45.229 END: completed in: 1ms, org.apache.isis.core.runtime.services.message.MessageServiceDefault: #introspectUpTo( TYPE_AND_MEMBERS_INTROSPECTED )
2021-04-22 23:54:45.229 START: workQueue.size: 0, waited for: 140ms, org.apache.isis.applib.annotation.Bulk$InteractionContext: #introspectUpTo( TYPE_AND_MEMBERS_INTROSPECTED )
2021-04-22 23:54:45.229 END: completed in: 0ms, org.apache.isis.core.runtime.services.persistsession.PersistenceSessionServiceInternalDefault: #introspectUpTo( TYPE_AND_MEMBERS_INTROSPECTED )
2021-04-22 23:54:45.229 START: workQueue.size: 0, waited for: 140ms, org.apache.isis.applib.conmap.ContentMappingServiceForCommandDto: #introspectUpTo( TYPE_AND_MEMBERS_INTROSPECTED )
2021-04-22 23:54:45.229 END: completed in: 0ms, org.apache.isis.applib.annotation.Bulk$InteractionContext: #introspectUpTo( TYPE_AND_MEMBERS_INTROSPECTED )
2021-04-22 23:54:45.229 START: workQueue.size: 0, waited for: 140ms, org.apache.isis.applib.conmap.ContentMappingServiceForCommandsDto: #introspectUpTo( TYPE_AND_MEMBERS_INTROSPECTED )
2021-04-22 23:54:45.229 END: completed in: 0ms, org.apache.isis.applib.conmap.ContentMappingServiceForCommandDto: #introspectUpTo( TYPE_AND_MEMBERS_INTROSPECTED )
2021-04-22 23:54:45.229 START: workQueue.size: 0, waited for: 140ms, org.apache.isis.applib.fixturescripts.ExecutionParametersService: #introspectUpTo( TYPE_AND_MEMBERS_INTROSPECTED )
2021-04-22 23:54:45.230 END: completed in: 1ms, org.apache.isis.applib.conmap.ContentMappingServiceForCommandsDto: #introspectUpTo( TYPE_AND_MEMBERS_INTROSPECTED )
2021-04-22 23:54:45.230 START: workQueue.size: 0, waited for: 141ms, org.apache.isis.applib.services.actinvoc.ActionInvocationContext: #introspectUpTo( TYPE_AND_MEMBERS_INTROSPECTED )
2021-04-22 23:54:45.230 END: completed in: 5ms, domainapp.application.services.homepage.HomePageService: #introspectUpTo( TYPE_AND_MEMBERS_INTROSPECTED )
2021-04-22 23:54:45.230 END: completed in: 1ms, org.apache.isis.applib.fixturescripts.ExecutionParametersService: #introspectUpTo( TYPE_AND_MEMBERS_INTROSPECTED )
2021-04-22 23:54:45.230 START: workQueue.size: 0, waited for: 141ms, org.apache.isis.applib.services.audit.AuditerServiceLogging: #introspectUpTo( TYPE_AND_MEMBERS_INTROSPECTED )
2021-04-22 23:54:45.230 START: workQueue.size: 0, waited for: 141ms, org.apache.isis.applib.services.classdiscovery.ClassDiscoveryServiceUsingReflections: #introspectUpTo( TYPE_AND_MEMBERS_INTROSPECTED )
2021-04-22 23:54:45.230 END: completed in: 0ms, org.apache.isis.applib.services.actinvoc.ActionInvocationContext: #introspectUpTo( TYPE_AND_MEMBERS_INTROSPECTED )
2021-04-22 23:54:45.230 START: workQueue.size: 0, waited for: 141ms, org.apache.isis.applib.services.clock.ClockService: #introspectUpTo( TYPE_AND_MEMBERS_INTROSPECTED )
2021-04-22 23:54:45.230 END: completed in: 0ms, org.apache.isis.applib.services.audit.AuditerServiceLogging: #introspectUpTo( TYPE_AND_MEMBERS_INTROSPECTED )
2021-04-22 23:54:45.230 END: completed in: 0ms, org.apache.isis.applib.services.classdiscovery.ClassDiscoveryServiceUsingReflections: #introspectUpTo( TYPE_AND_MEMBERS_INTROSPECTED )
2021-04-22 23:54:45.230 START: workQueue.size: 0, waited for: 141ms, org.apache.isis.applib.services.command.CommandContext: #introspectUpTo( TYPE_AND_MEMBERS_INTROSPECTED )
2021-04-22 23:54:45.230 START: workQueue.size: 0, waited for: 141ms, org.apache.isis.applib.services.iactn.InteractionContext: #introspectUpTo( TYPE_AND_MEMBERS_INTROSPECTED )
2021-04-22 23:54:45.230 END: completed in: 0ms, org.apache.isis.applib.services.clock.ClockService: #introspectUpTo( TYPE_AND_MEMBERS_INTROSPECTED )
2021-04-22 23:54:45.230 START: workQueue.size: 0, waited for: 141ms, org.apache.isis.applib.services.publish.PublisherServiceLogging: #introspectUpTo( TYPE_AND_MEMBERS_INTROSPECTED )
2021-04-22 23:54:45.230 END: completed in: 6ms, org.apache.isis.applib.services.config.ConfigurationServiceMenu: #introspectUpTo( TYPE_AND_MEMBERS_INTROSPECTED )
2021-04-22 23:54:45.231 END: completed in: 0ms, org.apache.isis.applib.services.command.CommandContext: #introspectUpTo( TYPE_AND_MEMBERS_INTROSPECTED )
2021-04-22 23:54:45.231 START: workQueue.size: 0, waited for: 142ms, org.apache.isis.applib.services.queryresultscache.QueryResultsCache: #introspectUpTo( TYPE_AND_MEMBERS_INTROSPECTED )
2021-04-22 23:54:45.231 END: completed in: 1ms, org.apache.isis.applib.services.iactn.InteractionContext: #introspectUpTo( TYPE_AND_MEMBERS_INTROSPECTED )
2021-04-22 23:54:45.231 START: workQueue.size: 0, waited for: 142ms, org.apache.isis.applib.services.routing.RoutingServiceDefault: #introspectUpTo( TYPE_AND_MEMBERS_INTROSPECTED )
2021-04-22 23:54:45.231 START: workQueue.size: 0, waited for: 142ms, org.apache.isis.applib.services.scratchpad.Scratchpad: #introspectUpTo( TYPE_AND_MEMBERS_INTROSPECTED )
2021-04-22 23:54:45.231 END: completed in: 1ms, org.apache.isis.applib.services.publish.PublisherServiceLogging: #introspectUpTo( TYPE_AND_MEMBERS_INTROSPECTED )
2021-04-22 23:54:45.231 START: workQueue.size: 0, waited for: 142ms, org.apache.isis.applib.services.tablecol.TableColumnOrderService$Default: #introspectUpTo( TYPE_AND_MEMBERS_INTROSPECTED )
2021-04-22 23:54:45.231 END: completed in: 0ms, org.apache.isis.applib.services.queryresultscache.QueryResultsCache: #introspectUpTo( TYPE_AND_MEMBERS_INTROSPECTED )
2021-04-22 23:54:45.230 END: completed in: 6ms, org.apache.isis.applib.services.hsqldb.HsqlDbManagerMenu: #introspectUpTo( TYPE_AND_MEMBERS_INTROSPECTED )
2021-04-22 23:54:45.231 START: workQueue.size: 0, waited for: 142ms, org.apache.isis.applib.services.urlencoding.UrlEncodingServiceUsingBaseEncoding: #introspectUpTo( TYPE_AND_MEMBERS_INTROSPECTED )
2021-04-22 23:54:45.231 END: completed in: 0ms, org.apache.isis.applib.services.routing.RoutingServiceDefault: #introspectUpTo( TYPE_AND_MEMBERS_INTROSPECTED )
2021-04-22 23:54:45.231 END: completed in: 0ms, org.apache.isis.applib.services.tablecol.TableColumnOrderService$Default: #introspectUpTo( TYPE_AND_MEMBERS_INTROSPECTED )
2021-04-22 23:54:45.231 END: completed in: 0ms, org.apache.isis.applib.services.scratchpad.Scratchpad: #introspectUpTo( TYPE_AND_MEMBERS_INTROSPECTED )
2021-04-22 23:54:45.231 START: workQueue.size: 0, waited for: 142ms, org.apache.isis.core.metamodel.services.appfeat.ApplicationFeatureRepositoryDefault: #introspectUpTo( TYPE_AND_MEMBERS_INTROSPECTED )
2021-04-22 23:54:45.231 START: workQueue.size: 0, waited for: 142ms, org.apache.isis.core.metamodel.services.config.ConfigurationServiceDefault: #introspectUpTo( TYPE_AND_MEMBERS_INTROSPECTED )
2021-04-22 23:54:45.231 START: workQueue.size: 0, waited for: 142ms, org.apache.isis.core.metamodel.services.appfeat.ApplicationFeatureFactory: #introspectUpTo( TYPE_AND_MEMBERS_INTROSPECTED )
2021-04-22 23:54:45.232 END: completed in: 1ms, org.apache.isis.applib.services.urlencoding.UrlEncodingServiceUsingBaseEncoding: #introspectUpTo( TYPE_AND_MEMBERS_INTROSPECTED )
2021-04-22 23:54:45.231 START: workQueue.size: 0, waited for: 142ms, org.apache.isis.core.metamodel.services.bookmarks.BookmarkServiceInternalDefault: #introspectUpTo( TYPE_AND_MEMBERS_INTROSPECTED )
2021-04-22 23:54:45.232 END: completed in: 1ms, org.apache.isis.core.metamodel.services.appfeat.ApplicationFeatureRepositoryDefault: #introspectUpTo( TYPE_AND_MEMBERS_INTROSPECTED )
2021-04-22 23:54:45.232 END: completed in: 1ms, org.apache.isis.core.metamodel.services.config.ConfigurationServiceDefault: #introspectUpTo( TYPE_AND_MEMBERS_INTROSPECTED )
2021-04-22 23:54:45.232 START: workQueue.size: 0, waited for: 143ms, org.apache.isis.core.metamodel.services.container.DomainObjectContainerDefault: #introspectUpTo( TYPE_AND_MEMBERS_INTROSPECTED )
2021-04-22 23:54:45.232 END: completed in: 1ms, org.apache.isis.core.metamodel.services.appfeat.ApplicationFeatureFactory: #introspectUpTo( TYPE_AND_MEMBERS_INTROSPECTED )
2021-04-22 23:54:45.232 START: workQueue.size: 0, waited for: 143ms, org.apache.isis.core.metamodel.services.factory.FactoryServiceInternalDefault: #introspectUpTo( TYPE_AND_MEMBERS_INTROSPECTED )
2021-04-22 23:54:45.232 START: workQueue.size: 0, waited for: 143ms, org.apache.isis.core.metamodel.services.grid.GridLoaderServiceDefault: #introspectUpTo( TYPE_AND_MEMBERS_INTROSPECTED )
2021-04-22 23:54:45.232 START: workQueue.size: 0, waited for: 143ms, org.apache.isis.core.metamodel.services.grid.GridServiceDefault: #introspectUpTo( TYPE_AND_MEMBERS_INTROSPECTED )
2021-04-22 23:54:45.232 END: completed in: 1ms, org.apache.isis.core.metamodel.services.bookmarks.BookmarkServiceInternalDefault: #introspectUpTo( TYPE_AND_MEMBERS_INTROSPECTED )
2021-04-22 23:54:45.232 END: completed in: 0ms, org.apache.isis.core.metamodel.services.container.DomainObjectContainerDefault: #introspectUpTo( TYPE_AND_MEMBERS_INTROSPECTED )
2021-04-22 23:54:45.232 START: workQueue.size: 0, waited for: 143ms, org.apache.isis.core.metamodel.services.grid.bootstrap3.GridSystemServiceBS3: #introspectUpTo( TYPE_AND_MEMBERS_INTROSPECTED )
2021-04-22 23:54:45.233 START: workQueue.size: 0, waited for: 143ms, org.apache.isis.core.metamodel.services.layout.LayoutServiceDefault: #introspectUpTo( TYPE_AND_MEMBERS_INTROSPECTED )
2021-04-22 23:54:45.233 END: completed in: 1ms, org.apache.isis.core.metamodel.services.grid.GridLoaderServiceDefault: #introspectUpTo( TYPE_AND_MEMBERS_INTROSPECTED )
2021-04-22 23:54:45.233 END: completed in: 1ms, org.apache.isis.core.metamodel.services.grid.GridServiceDefault: #introspectUpTo( TYPE_AND_MEMBERS_INTROSPECTED )
2021-04-22 23:54:45.233 START: workQueue.size: 0, waited for: 144ms, org.apache.isis.core.metamodel.services.message.MessageServiceNoop: #introspectUpTo( TYPE_AND_MEMBERS_INTROSPECTED )
2021-04-22 23:54:45.233 START: workQueue.size: 0, waited for: 144ms, org.apache.isis.core.metamodel.services.metamodel.MetaModelServiceDefault: #introspectUpTo( TYPE_AND_MEMBERS_INTROSPECTED )
2021-04-22 23:54:45.233 END: completed in: 1ms, org.apache.isis.core.metamodel.services.factory.FactoryServiceInternalDefault: #introspectUpTo( TYPE_AND_MEMBERS_INTROSPECTED )
2021-04-22 23:54:45.233 END: completed in: 1ms, org.apache.isis.core.metamodel.services.layout.LayoutServiceDefault: #introspectUpTo( TYPE_AND_MEMBERS_INTROSPECTED )
2021-04-22 23:54:45.233 START: workQueue.size: 0, waited for: 144ms, org.apache.isis.core.metamodel.services.persistsession.PersistenceSessionServiceInternalNoop: #introspectUpTo( TYPE_AND_MEMBERS_INTROSPECTED )
2021-04-22 23:54:45.233 END: completed in: 1ms, org.apache.isis.core.metamodel.services.grid.bootstrap3.GridSystemServiceBS3: #introspectUpTo( TYPE_AND_MEMBERS_INTROSPECTED )
2021-04-22 23:54:45.233 END: completed in: 0ms, org.apache.isis.core.metamodel.services.message.MessageServiceNoop: #introspectUpTo( TYPE_AND_MEMBERS_INTROSPECTED )
2021-04-22 23:54:45.233 END: completed in: 0ms, org.apache.isis.core.metamodel.services.metamodel.MetaModelServiceDefault: #introspectUpTo( TYPE_AND_MEMBERS_INTROSPECTED )
2021-04-22 23:54:45.233 START: workQueue.size: 0, waited for: 144ms, org.apache.isis.core.metamodel.services.repository.RepositoryServiceInternalDefault: #introspectUpTo( TYPE_AND_MEMBERS_INTROSPECTED )
2021-04-22 23:54:45.233 START: workQueue.size: 0, waited for: 144ms, org.apache.isis.core.metamodel.services.swagger.SwaggerServiceDefault: #introspectUpTo( TYPE_AND_MEMBERS_INTROSPECTED )
2021-04-22 23:54:45.233 START: workQueue.size: 0, waited for: 144ms, org.apache.isis.core.metamodel.services.title.TitleServiceDefault: #introspectUpTo( TYPE_AND_MEMBERS_INTROSPECTED )
2021-04-22 23:54:45.233 END: completed in: 0ms, org.apache.isis.core.metamodel.services.persistsession.PersistenceSessionServiceInternalNoop: #introspectUpTo( TYPE_AND_MEMBERS_INTROSPECTED )
2021-04-22 23:54:45.233 START: workQueue.size: 0, waited for: 144ms, org.apache.isis.core.metamodel.services.registry.ServiceRegistryDefault: #introspectUpTo( TYPE_AND_MEMBERS_INTROSPECTED )
2021-04-22 23:54:45.233 START: workQueue.size: 0, waited for: 144ms, org.apache.isis.core.metamodel.services.user.UserServiceDefault: #introspectUpTo( TYPE_AND_MEMBERS_INTROSPECTED )
2021-04-22 23:54:45.233 END: completed in: 0ms, org.apache.isis.core.metamodel.services.repository.RepositoryServiceInternalDefault: #introspectUpTo( TYPE_AND_MEMBERS_INTROSPECTED )
2021-04-22 23:54:45.233 END: completed in: 0ms, org.apache.isis.core.metamodel.services.swagger.SwaggerServiceDefault: #introspectUpTo( TYPE_AND_MEMBERS_INTROSPECTED )
2021-04-22 23:54:45.233 START: workQueue.size: 0, waited for: 144ms, org.apache.isis.core.metamodel.services.user.UserServiceDefault$SudoServiceSpi: #introspectUpTo( TYPE_AND_MEMBERS_INTROSPECTED )
2021-04-22 23:54:45.233 END: completed in: 0ms, org.apache.isis.core.metamodel.services.title.TitleServiceDefault: #introspectUpTo( TYPE_AND_MEMBERS_INTROSPECTED )
2021-04-22 23:54:45.234 END: completed in: 10ms, org.apache.isis.core.runtime.services.i18n.po.TranslationServicePoMenu: #introspectUpTo( TYPE_AND_MEMBERS_INTROSPECTED )
2021-04-22 23:54:45.234 START: workQueue.size: 0, waited for: 145ms, org.apache.isis.core.runtime.services.auditing.AuditingServiceInternal: #introspectUpTo( TYPE_AND_MEMBERS_INTROSPECTED )
2021-04-22 23:54:45.234 END: completed in: 1ms, org.apache.isis.core.metamodel.services.registry.ServiceRegistryDefault: #introspectUpTo( TYPE_AND_MEMBERS_INTROSPECTED )
2021-04-22 23:54:45.234 START: workQueue.size: 0, waited for: 145ms, org.apache.isis.core.metamodel.services.xactn.TransactionServiceDefault: #introspectUpTo( TYPE_AND_MEMBERS_INTROSPECTED )
2021-04-22 23:54:45.234 END: completed in: 1ms, org.apache.isis.core.metamodel.services.user.UserServiceDefault: #introspectUpTo( TYPE_AND_MEMBERS_INTROSPECTED )
2021-04-22 23:54:45.234 END: completed in: 1ms, org.apache.isis.core.metamodel.services.user.UserServiceDefault$SudoServiceSpi: #introspectUpTo( TYPE_AND_MEMBERS_INTROSPECTED )
2021-04-22 23:54:45.234 START: workQueue.size: 0, waited for: 145ms, org.apache.isis.core.runtime.services.background.BackgroundServiceDefault: #introspectUpTo( TYPE_AND_MEMBERS_INTROSPECTED )
2021-04-22 23:54:45.234 END: completed in: 0ms, org.apache.isis.core.runtime.services.auditing.AuditingServiceInternal: #introspectUpTo( TYPE_AND_MEMBERS_INTROSPECTED )
2021-04-22 23:54:45.234 END: completed in: 0ms, org.apache.isis.core.metamodel.services.xactn.TransactionServiceDefault: #introspectUpTo( TYPE_AND_MEMBERS_INTROSPECTED )
2021-04-22 23:54:45.234 START: workQueue.size: 0, waited for: 145ms, org.apache.isis.core.runtime.services.authsess.AuthenticationSessionProviderDefault: #introspectUpTo( TYPE_AND_MEMBERS_INTROSPECTED )
2021-04-22 23:54:45.234 START: workQueue.size: 0, waited for: 145ms, org.apache.isis.core.runtime.services.command.CommandDtoServiceInternalDefault: #introspectUpTo( TYPE_AND_MEMBERS_INTROSPECTED )
2021-04-22 23:54:45.234 START: workQueue.size: 0, waited for: 145ms, org.apache.isis.core.runtime.services.changes.ChangedObjectsServiceInternal: #introspectUpTo( TYPE_AND_MEMBERS_INTROSPECTED )
2021-04-22 23:54:45.234 END: completed in: 0ms, org.apache.isis.core.runtime.services.background.BackgroundServiceDefault: #introspectUpTo( TYPE_AND_MEMBERS_INTROSPECTED )
2021-04-22 23:54:45.234 START: workQueue.size: 0, waited for: 145ms, org.apache.isis.core.runtime.services.command.CommandServiceDefault: #introspectUpTo( TYPE_AND_MEMBERS_INTROSPECTED )
2021-04-22 23:54:45.234 END: completed in: 0ms, org.apache.isis.core.runtime.services.authsess.AuthenticationSessionProviderDefault: #introspectUpTo( TYPE_AND_MEMBERS_INTROSPECTED )
2021-04-22 23:54:45.234 END: completed in: 0ms, org.apache.isis.core.runtime.services.command.CommandDtoServiceInternalDefault: #introspectUpTo( TYPE_AND_MEMBERS_INTROSPECTED )
2021-04-22 23:54:45.234 START: workQueue.size: 0, waited for: 145ms, org.apache.isis.core.runtime.services.homepage.HomePageProviderServiceDefault: #introspectUpTo( TYPE_AND_MEMBERS_INTROSPECTED )
2021-04-22 23:54:45.235 START: workQueue.size: 0, waited for: 146ms, org.apache.isis.core.runtime.services.i18n.po.TranslationServicePo: #introspectUpTo( TYPE_AND_MEMBERS_INTROSPECTED )
2021-04-22 23:54:45.235 START: workQueue.size: 0, waited for: 146ms, org.apache.isis.core.runtime.services.ixn.InteractionDtoServiceInternalDefault: #introspectUpTo( TYPE_AND_MEMBERS_INTROSPECTED )
2021-04-22 23:54:45.235 END: completed in: 1ms, org.apache.isis.core.runtime.services.command.CommandServiceDefault: #introspectUpTo( TYPE_AND_MEMBERS_INTROSPECTED )
2021-04-22 23:54:45.235 END: completed in: 0ms, org.apache.isis.core.runtime.services.changes.ChangedObjectsServiceInternal: #introspectUpTo( TYPE_AND_MEMBERS_INTROSPECTED )
2021-04-22 23:54:45.235 START: workQueue.size: 0, waited for: 146ms, org.apache.isis.core.runtime.services.memento.MementoServiceDefault: #introspectUpTo( TYPE_AND_MEMBERS_INTROSPECTED )
2021-04-22 23:54:45.235 END: completed in: 1ms, org.apache.isis.core.runtime.services.homepage.HomePageProviderServiceDefault: #introspectUpTo( TYPE_AND_MEMBERS_INTROSPECTED )
2021-04-22 23:54:45.235 END: completed in: 0ms, org.apache.isis.core.runtime.services.i18n.po.TranslationServicePo: #introspectUpTo( TYPE_AND_MEMBERS_INTROSPECTED )
2021-04-22 23:54:45.235 START: workQueue.size: 0, waited for: 146ms, org.apache.isis.core.runtime.services.metrics.MetricsServiceDefault: #introspectUpTo( TYPE_AND_MEMBERS_INTROSPECTED )
2021-04-22 23:54:45.235 START: workQueue.size: 0, waited for: 146ms, org.apache.isis.core.runtime.services.publish.PublishingServiceInternalDefault: #introspectUpTo( TYPE_AND_MEMBERS_INTROSPECTED )
2021-04-22 23:54:45.235 START: workQueue.size: 0, waited for: 146ms, org.apache.isis.core.runtime.services.sessmgmt.SessionManagementServiceDefault: #introspectUpTo( TYPE_AND_MEMBERS_INTROSPECTED )
2021-04-22 23:54:45.235 END: completed in: 0ms, org.apache.isis.core.runtime.services.ixn.InteractionDtoServiceInternalDefault: #introspectUpTo( TYPE_AND_MEMBERS_INTROSPECTED )
2021-04-22 23:54:45.235 END: completed in: 0ms, org.apache.isis.core.runtime.services.memento.MementoServiceDefault: #introspectUpTo( TYPE_AND_MEMBERS_INTROSPECTED )
2021-04-22 23:54:45.236 START: workQueue.size: 0, waited for: 147ms, org.apache.isis.core.runtime.services.sudo.SudoServiceDefault: #introspectUpTo( TYPE_AND_MEMBERS_INTROSPECTED )
2021-04-22 23:54:45.236 START: workQueue.size: 0, waited for: 147ms, org.apache.isis.core.runtime.services.userreg.EmailNotificationServiceDefault: #introspectUpTo( TYPE_AND_MEMBERS_INTROSPECTED )
2021-04-22 23:54:45.236 END: completed in: 1ms, org.apache.isis.core.runtime.services.sessmgmt.SessionManagementServiceDefault: #introspectUpTo( TYPE_AND_MEMBERS_INTROSPECTED )
2021-04-22 23:54:45.236 END: completed in: 1ms, org.apache.isis.core.runtime.services.publish.PublishingServiceInternalDefault: #introspectUpTo( TYPE_AND_MEMBERS_INTROSPECTED )
2021-04-22 23:54:45.236 START: workQueue.size: 0, waited for: 147ms, org.apache.isis.core.runtime.services.xmlsnapshot.XmlSnapshotServiceDefault: #introspectUpTo( TYPE_AND_MEMBERS_INTROSPECTED )
2021-04-22 23:54:45.236 END: completed in: 1ms, org.apache.isis.core.runtime.services.metrics.MetricsServiceDefault: #introspectUpTo( TYPE_AND_MEMBERS_INTROSPECTED )
2021-04-22 23:54:45.236 END: completed in: 0ms, org.apache.isis.core.runtime.services.sudo.SudoServiceDefault: #introspectUpTo( TYPE_AND_MEMBERS_INTROSPECTED )
2021-04-22 23:54:45.236 START: workQueue.size: 0, waited for: 147ms, org.apache.isis.core.wrapper.WrapperFactoryDefault: #introspectUpTo( TYPE_AND_MEMBERS_INTROSPECTED )
2021-04-22 23:54:45.236 START: workQueue.size: 0, waited for: 147ms, org.apache.isis.objectstore.jdo.datanucleus.service.support.IsisJdoSupportImpl: #introspectUpTo( TYPE_AND_MEMBERS_INTROSPECTED )
2021-04-22 23:54:45.236 START: workQueue.size: 0, waited for: 147ms, org.apache.isis.objectstore.jdo.applib.service.exceprecog.ExceptionRecognizerCompositeForJdoObjectStore: #introspectUpTo( TYPE_AND_MEMBERS_INTROSPECTED )
2021-04-22 23:54:45.236 END: completed in: 0ms, org.apache.isis.core.runtime.services.xmlsnapshot.XmlSnapshotServiceDefault: #introspectUpTo( TYPE_AND_MEMBERS_INTROSPECTED )
2021-04-22 23:54:45.236 END: completed in: 0ms, org.apache.isis.core.runtime.services.userreg.EmailNotificationServiceDefault: #introspectUpTo( TYPE_AND_MEMBERS_INTROSPECTED )
2021-04-22 23:54:45.236 START: workQueue.size: 0, waited for: 147ms, org.apache.isis.objectstore.jdo.datanucleus.service.support.TimestampService: #introspectUpTo( TYPE_AND_MEMBERS_INTROSPECTED )
2021-04-22 23:54:45.236 START: workQueue.size: 0, waited for: 147ms, org.apache.isis.schema.services.jaxb.JaxbServiceDefault: #introspectUpTo( TYPE_AND_MEMBERS_INTROSPECTED )
2021-04-22 23:54:45.236 END: completed in: 0ms, org.apache.isis.core.wrapper.WrapperFactoryDefault: #introspectUpTo( TYPE_AND_MEMBERS_INTROSPECTED )
2021-04-22 23:54:45.236 END: completed in: 0ms, org.apache.isis.objectstore.jdo.datanucleus.service.support.IsisJdoSupportImpl: #introspectUpTo( TYPE_AND_MEMBERS_INTROSPECTED )
2021-04-22 23:54:45.236 START: workQueue.size: 0, waited for: 147ms, org.apache.isis.viewer.restfulobjects.rendering.service.RepresentationServiceContentNegotiator: #introspectUpTo( TYPE_AND_MEMBERS_INTROSPECTED )
2021-04-22 23:54:45.236 END: completed in: 0ms, org.apache.isis.objectstore.jdo.applib.service.exceprecog.ExceptionRecognizerCompositeForJdoObjectStore: #introspectUpTo( TYPE_AND_MEMBERS_INTROSPECTED )
2021-04-22 23:54:45.236 START: workQueue.size: 0, waited for: 147ms, org.apache.isis.viewer.restfulobjects.rendering.service.RepresentationServiceForRestfulObjects: #introspectUpTo( TYPE_AND_MEMBERS_INTROSPECTED )
2021-04-22 23:54:45.237 START: workQueue.size: 0, waited for: 147ms, org.apache.isis.viewer.restfulobjects.rendering.service.acceptheader.AcceptHeaderServiceForRest: #introspectUpTo( TYPE_AND_MEMBERS_INTROSPECTED )
2021-04-22 23:54:45.236 END: completed in: 0ms, org.apache.isis.objectstore.jdo.datanucleus.service.support.TimestampService: #introspectUpTo( TYPE_AND_MEMBERS_INTROSPECTED )
2021-04-22 23:54:45.237 END: completed in: 1ms, org.apache.isis.schema.services.jaxb.JaxbServiceDefault: #introspectUpTo( TYPE_AND_MEMBERS_INTROSPECTED )
2021-04-22 23:54:45.237 START: workQueue.size: 0, waited for: 148ms, org.apache.isis.viewer.restfulobjects.rendering.service.conneg.ContentNegotiationServiceForRestfulObjectsV1_0: #introspectUpTo( TYPE_AND_MEMBERS_INTROSPECTED )
2021-04-22 23:54:45.237 END: completed in: 1ms, org.apache.isis.viewer.restfulobjects.rendering.service.RepresentationServiceContentNegotiator: #introspectUpTo( TYPE_AND_MEMBERS_INTROSPECTED )
2021-04-22 23:54:45.237 START: workQueue.size: 0, waited for: 148ms, org.apache.isis.viewer.wicket.viewer.services.BookmarkUiServiceWicket: #introspectUpTo( TYPE_AND_MEMBERS_INTROSPECTED )
2021-04-22 23:54:45.237 START: workQueue.size: 0, waited for: 148ms, org.apache.isis.viewer.wicket.viewer.services.DeepLinkServiceWicket: #introspectUpTo( TYPE_AND_MEMBERS_INTROSPECTED )
2021-04-22 23:54:45.237 END: completed in: 1ms, org.apache.isis.viewer.restfulobjects.rendering.service.acceptheader.AcceptHeaderServiceForRest: #introspectUpTo( TYPE_AND_MEMBERS_INTROSPECTED )
2021-04-22 23:54:45.237 END: completed in: 1ms, org.apache.isis.viewer.restfulobjects.rendering.service.RepresentationServiceForRestfulObjects: #introspectUpTo( TYPE_AND_MEMBERS_INTROSPECTED )
2021-04-22 23:54:45.237 END: completed in: 0ms, org.apache.isis.viewer.restfulobjects.rendering.service.conneg.ContentNegotiationServiceForRestfulObjectsV1_0: #introspectUpTo( TYPE_AND_MEMBERS_INTROSPECTED )
2021-04-22 23:54:45.237 START: workQueue.size: 0, waited for: 148ms, org.apache.isis.viewer.wicket.viewer.services.HintStoreUsingWicketSession: #introspectUpTo( TYPE_AND_MEMBERS_INTROSPECTED )
2021-04-22 23:54:45.237 START: workQueue.size: 0, waited for: 148ms, org.apache.isis.viewer.wicket.viewer.services.LocaleProviderWicket: #introspectUpTo( TYPE_AND_MEMBERS_INTROSPECTED )
2021-04-22 23:54:45.237 END: completed in: 0ms, org.apache.isis.viewer.wicket.viewer.services.DeepLinkServiceWicket: #introspectUpTo( TYPE_AND_MEMBERS_INTROSPECTED )
2021-04-22 23:54:45.237 START: workQueue.size: 0, waited for: 148ms, org.apache.isis.viewer.wicket.viewer.services.GuiceBeanProviderWicket: #introspectUpTo( TYPE_AND_MEMBERS_INTROSPECTED )
2021-04-22 23:54:45.237 START: workQueue.size: 0, waited for: 148ms, org.apache.isis.viewer.wicket.viewer.services.TranslationsResolverWicket: #introspectUpTo( TYPE_AND_MEMBERS_INTROSPECTED )
2021-04-22 23:54:45.237 END: completed in: 0ms, org.apache.isis.viewer.wicket.viewer.services.BookmarkUiServiceWicket: #introspectUpTo( TYPE_AND_MEMBERS_INTROSPECTED )
2021-04-22 23:54:45.237 END: completed in: 0ms, org.apache.isis.viewer.wicket.viewer.services.HintStoreUsingWicketSession: #introspectUpTo( TYPE_AND_MEMBERS_INTROSPECTED )
2021-04-22 23:54:45.237 END: completed in: 0ms, org.apache.isis.viewer.wicket.viewer.services.LocaleProviderWicket: #introspectUpTo( TYPE_AND_MEMBERS_INTROSPECTED )
2021-04-22 23:54:45.234 START: workQueue.size: 0, waited for: 145ms, org.apache.isis.core.runtime.services.email.EmailServiceDefault: #introspectUpTo( TYPE_AND_MEMBERS_INTROSPECTED )
2021-04-22 23:54:45.237 END: completed in: 0ms, org.apache.isis.viewer.wicket.viewer.services.GuiceBeanProviderWicket: #introspectUpTo( TYPE_AND_MEMBERS_INTROSPECTED )
2021-04-22 23:54:45.237 END: completed in: 0ms, org.apache.isis.viewer.wicket.viewer.services.TranslationsResolverWicket: #introspectUpTo( TYPE_AND_MEMBERS_INTROSPECTED )
2021-04-22 23:54:45.238 END: completed in: 4ms, org.apache.isis.core.runtime.services.email.EmailServiceDefault: #introspectUpTo( TYPE_AND_MEMBERS_INTROSPECTED )
2021-04-22 23:54:45.238 join'ing 99 tasks: waited 0 milliseconds 
2021-04-22 23:54:45.238 START: workQueue.size: 0, waited for: 0ms, org.apache.isis.applib.services.bookmark.BookmarkHolder_lookup: #introspectUpTo( TYPE_AND_MEMBERS_INTROSPECTED )
2021-04-22 23:54:45.238 START: workQueue.size: 0, waited for: 0ms, org.apache.isis.applib.services.layout.Object_downloadLayoutXml: #introspectUpTo( TYPE_AND_MEMBERS_INTROSPECTED )
2021-04-22 23:54:45.238 START: workQueue.size: 0, waited for: 0ms, org.apache.isis.applib.services.bookmark.BookmarkHolder_object: #introspectUpTo( TYPE_AND_MEMBERS_INTROSPECTED )
2021-04-22 23:54:45.238 START: workQueue.size: 0, waited for: 0ms, org.apache.isis.core.metamodel.services.jdosupport.Persistable_datanucleusVersionTimestamp: #introspectUpTo( TYPE_AND_MEMBERS_INTROSPECTED )
2021-04-22 23:54:45.238 START: workQueue.size: 0, waited for: 0ms, org.apache.isis.core.metamodel.services.jdosupport.Persistable_downloadJdoMetadata: #introspectUpTo( TYPE_AND_MEMBERS_INTROSPECTED )
2021-04-22 23:54:45.238 START: workQueue.size: 0, waited for: 0ms, org.apache.isis.applib.services.dto.Dto_downloadXsd: #introspectUpTo( TYPE_AND_MEMBERS_INTROSPECTED )
2021-04-22 23:54:45.244 END: completed in: 5ms, org.apache.isis.applib.services.bookmark.BookmarkHolder_lookup: #introspectUpTo( TYPE_AND_MEMBERS_INTROSPECTED )
2021-04-22 23:54:45.244 END: completed in: 6ms, org.apache.isis.core.metamodel.services.jdosupport.Persistable_datanucleusVersionTimestamp: #introspectUpTo( TYPE_AND_MEMBERS_INTROSPECTED )
2021-04-22 23:54:45.244 START: workQueue.size: 0, waited for: 6ms, org.apache.isis.core.metamodel.services.jdosupport.Persistable_datanucleusVersionLong: #introspectUpTo( TYPE_AND_MEMBERS_INTROSPECTED )
2021-04-22 23:54:45.244 START: workQueue.size: 0, waited for: 6ms, org.apache.isis.applib.services.layout.Object_rebuildMetamodel: #introspectUpTo( TYPE_AND_MEMBERS_INTROSPECTED )
2021-04-22 23:54:45.244 END: completed in: 6ms, org.apache.isis.applib.services.bookmark.BookmarkHolder_object: #introspectUpTo( TYPE_AND_MEMBERS_INTROSPECTED )
2021-04-22 23:54:45.244 START: workQueue.size: 0, waited for: 6ms, org.apache.isis.viewer.wicket.viewer.services.Object_clearHints: #introspectUpTo( TYPE_AND_MEMBERS_INTROSPECTED )
2021-04-22 23:54:45.245 END: completed in: 7ms, org.apache.isis.core.metamodel.services.jdosupport.Persistable_downloadJdoMetadata: #introspectUpTo( TYPE_AND_MEMBERS_INTROSPECTED )
2021-04-22 23:54:45.245 START: workQueue.size: 0, waited for: 7ms, org.apache.isis.applib.services.layout.Object_openRestApi: #introspectUpTo( TYPE_AND_MEMBERS_INTROSPECTED )
2021-04-22 23:54:45.246 END: completed in: 2ms, org.apache.isis.applib.services.layout.Object_rebuildMetamodel: #introspectUpTo( TYPE_AND_MEMBERS_INTROSPECTED )
2021-04-22 23:54:45.246 START: workQueue.size: 0, waited for: 8ms, org.apache.isis.core.metamodel.services.jdosupport.Persistable_datanucleusIdLong: #introspectUpTo( TYPE_AND_MEMBERS_INTROSPECTED )
2021-04-22 23:54:45.246 END: completed in: 2ms, org.apache.isis.core.metamodel.services.jdosupport.Persistable_datanucleusVersionLong: #introspectUpTo( TYPE_AND_MEMBERS_INTROSPECTED )
2021-04-22 23:54:45.246 START: workQueue.size: 0, waited for: 8ms, org.apache.isis.applib.services.dto.Dto_downloadXml: #introspectUpTo( TYPE_AND_MEMBERS_INTROSPECTED )
2021-04-22 23:54:45.247 END: completed in: 2ms, org.apache.isis.viewer.wicket.viewer.services.Object_clearHints: #introspectUpTo( TYPE_AND_MEMBERS_INTROSPECTED )
2021-04-22 23:54:45.247 END: completed in: 2ms, org.apache.isis.applib.services.layout.Object_openRestApi: #introspectUpTo( TYPE_AND_MEMBERS_INTROSPECTED )
2021-04-22 23:54:45.247 END: completed in: 1ms, org.apache.isis.core.metamodel.services.jdosupport.Persistable_datanucleusIdLong: #introspectUpTo( TYPE_AND_MEMBERS_INTROSPECTED )
2021-04-22 23:54:45.247 END: completed in: 9ms, org.apache.isis.applib.services.layout.Object_downloadLayoutXml: #introspectUpTo( TYPE_AND_MEMBERS_INTROSPECTED )
2021-04-22 23:54:45.249 END: completed in: 11ms, org.apache.isis.applib.services.dto.Dto_downloadXsd: #introspectUpTo( TYPE_AND_MEMBERS_INTROSPECTED )
2021-04-22 23:54:45.249 END: completed in: 3ms, org.apache.isis.applib.services.dto.Dto_downloadXml: #introspectUpTo( TYPE_AND_MEMBERS_INTROSPECTED )
2021-04-22 23:54:45.249 join'ing 12 tasks: waited 0 milliseconds 
2021-04-22 23:54:45.250 END: completed in: 855ms, SpecificationLoader#init()
2021-04-22 23:54:46.859 END: completed in: 2464ms, persistenceSessionFactory#init(...)
2021-04-22 23:54:46.859 join'ing 5 tasks: waited 0 milliseconds 
2021-04-22 23:54:47.145 join'ing 3 tasks: waited 0 milliseconds 
